#
# There is insufficient memory for the Java Runtime Environment to continue.
# Native memory allocation (mmap) failed to map 65536 bytes for Failed to commit metaspace.
# Possible reasons:
#   The system is out of physical RAM or swap space
#   The process is running with CompressedOops enabled, and the Java Heap may be blocking the growth of the native heap
# Possible solutions:
#   Reduce memory load on the system
#   Increase physical memory or swap space
#   Check if swap backing store is full
#   Decrease Java heap size (-Xmx/-Xms)
#   Decrease number of Java threads
#   Decrease Java thread stack sizes (-Xss)
#   Set larger code cache with -XX:ReservedCodeCacheSize=
#   JVM is running with Unscaled Compressed Oops mode in which the Java heap is
#     placed in the first 4GB address space. The Java Heap base address is the
#     maximum limit for the native heap growth. Please use -XX:HeapBaseMinAddress
#     to set the Java Heap base and to place the Java Heap above 4GB virtual address.
# This output file may be truncated or incomplete.
#
#  Out of Memory Error (virtualSpaceNode.cpp:110), pid=18644, tid=9728
#
# JRE version: OpenJDK Runtime Environment Corretto-19.0.2.7.1 (19.0.2+7) (build 19.0.2+7-FR)
# Java VM: OpenJDK 64-Bit Server VM Corretto-19.0.2.7.1 (19.0.2+7-FR, mixed mode, sharing, tiered, compressed oops, compressed class ptrs, g1 gc, windows-amd64)
# No core dump will be written. Minidumps are not enabled by default on client versions of Windows
#

---------------  S U M M A R Y ------------

Command Line: -Dmaven.multiModuleProjectDirectory=C:\Users\vasar\sosiska -Djansi.passthrough=true -Dmaven.home=C:\Users\vasar\.m2\wrapper\dists\apache-maven-3.9.9-bin\4nf9hui3q3djbarqar9g711ggc\apache-maven-3.9.9 -Dclassworlds.conf=C:\Users\vasar\.m2\wrapper\dists\apache-maven-3.9.9-bin\4nf9hui3q3djbarqar9g711ggc\apache-maven-3.9.9\bin\m2.conf -Dmaven.ext.class.path=C:\Program Files\JetBrains\IntelliJ IDEA Community Edition 2025.1.2\plugins\maven\lib\maven-event-listener.jar -javaagent:C:\Program Files\JetBrains\IntelliJ IDEA Community Edition 2025.1.2\lib\idea_rt.jar=7344 -Dfile.encoding=UTF-8 -Dsun.stdout.encoding=UTF-8 -Dsun.stderr.encoding=UTF-8 org.codehaus.classworlds.Launcher -Didea.version=2025.1.2 deploy

Host: 11th Gen Intel(R) Core(TM) i5-1155G7 @ 2.50GHz, 8 cores, 7G,  Windows 11 , 64 bit Build 22621 (10.0.22621.5262)
Time: Tue Jun 17 00:42:48 2025 RTZ 2 (s 11 , 64 bit Build 22621 (10.0.22621.5262) elapsed time: 45.892792 seconds (0d 0h 0m 45s)

---------------  T H R E A D  ---------------

Current thread (0x000001ce565ba8e0):  JavaThread "main" [_thread_in_vm, id=9728, stack(0x0000000fd0d00000,0x0000000fd0e00000)]

Stack: [0x0000000fd0d00000,0x0000000fd0e00000]
Native frames: (J=compiled Java code, j=interpreted, Vv=VM code, C=native code)
V  [jvm.dll+0x6d034a]
V  [jvm.dll+0x880f10]
V  [jvm.dll+0x88289e]
V  [jvm.dll+0x882f43]
V  [jvm.dll+0x27b4bb]
V  [jvm.dll+0x87cb1b]
V  [jvm.dll+0x676026]
V  [jvm.dll+0x1f03ce]
V  [jvm.dll+0x67890e]
V  [jvm.dll+0x67871e]
V  [jvm.dll+0x676a25]
V  [jvm.dll+0x278d6c]
V  [jvm.dll+0x724c78]
V  [jvm.dll+0x72569f]
V  [jvm.dll+0x3c12c9]
V  [jvm.dll+0x3c0475]
V  [jvm.dll+0x3c0418]
V  [jvm.dll+0x3d154a]
C  0x000001ce65cfdc1d

Java frames: (J=compiled Java code, j=interpreted, Vv=VM code)
j  org.apache.maven.cli.logging.Slf4jLoggerManager.getLoggerForComponent(Ljava/lang/String;)Lorg/codehaus/plexus/logging/Logger;+0
j  org.apache.maven.cli.logging.Slf4jLoggerManager.getLoggerForComponent(Ljava/lang/String;Ljava/lang/String;)Lorg/codehaus/plexus/logging/Logger;+7
j  org.eclipse.sisu.plexus.PlexusLifecycleManager.getPlexusLogger(Ljava/lang/Object;)Lorg/codehaus/plexus/logging/Logger;+22
j  org.eclipse.sisu.plexus.PlexusLifecycleManager$2.injectProperty(Ljava/lang/Object;)V+10
j  org.eclipse.sisu.bean.BeanInjector.injectMembers(Ljava/lang/Object;)V+26
j  com.google.inject.internal.MembersInjectorImpl.injectMembers(Ljava/lang/Object;Lcom/google/inject/internal/InternalContext;Z)V+115
j  com.google.inject.internal.ConstructorInjector.provision(Lcom/google/inject/internal/InternalContext;Lcom/google/inject/internal/ConstructionContext;)Ljava/lang/Object;+59
j  com.google.inject.internal.ConstructorInjector.access$000(Lcom/google/inject/internal/ConstructorInjector;Lcom/google/inject/internal/InternalContext;Lcom/google/inject/internal/ConstructionContext;)Ljava/lang/Object;+3
j  com.google.inject.internal.ConstructorInjector$1.call()Ljava/lang/Object;+12
j  com.google.inject.internal.ProvisionListenerStackCallback$Provision.provision()Ljava/lang/Object;+30
j  org.eclipse.sisu.bean.BeanScheduler$CycleActivator.onProvision(Lcom/google/inject/spi/ProvisionListener$ProvisionInvocation;)V+62
j  com.google.inject.internal.ProvisionListenerStackCallback$Provision.provision()Ljava/lang/Object;+85
j  com.google.inject.internal.ProvisionListenerStackCallback.provision(Lcom/google/inject/internal/InternalContext;Lcom/google/inject/internal/ProvisionListenerStackCallback$ProvisionCallback;)Ljava/lang/Object;+14
j  com.google.inject.internal.ConstructorInjector.construct(Lcom/google/inject/internal/InternalContext;Lcom/google/inject/spi/Dependency;Lcom/google/inject/internal/ProvisionListenerStackCallback;)Ljava/lang/Object;+113
j  com.google.inject.internal.ConstructorBindingImpl$Factory.get(Lcom/google/inject/internal/InternalContext;Lcom/google/inject/spi/Dependency;Z)Ljava/lang/Object;+48
j  com.google.inject.internal.ProviderToInternalFactoryAdapter.get()Ljava/lang/Object;+18
j  com.google.inject.internal.SingletonScope$1.get()Ljava/lang/Object;+58
j  com.google.inject.internal.InternalFactoryToProviderAdapter.get(Lcom/google/inject/internal/InternalContext;Lcom/google/inject/spi/Dependency;Z)Ljava/lang/Object;+9
j  com.google.inject.internal.InjectorImpl$1.get()Ljava/lang/Object;+18
j  org.eclipse.sisu.inject.LazyBeanEntry.getValue()Ljava/lang/Object;+4
j  org.eclipse.sisu.plexus.LazyPlexusBean.getValue()Ljava/lang/Object;+4
j  org.codehaus.plexus.DefaultPlexusContainer.lookup(Ljava/lang/Class;Ljava/lang/String;Ljava/lang/String;)Ljava/lang/Object;+27
j  org.codehaus.plexus.DefaultPlexusContainer.lookup(Ljava/lang/Class;Ljava/lang/String;)Ljava/lang/Object;+4
j  org.codehaus.plexus.DefaultPlexusContainer.lookup(Ljava/lang/Class;)Ljava/lang/Object;+4
j  org.apache.maven.cli.MavenCli.container(Lorg/apache/maven/cli/CliRequest;)Lorg/codehaus/plexus/PlexusContainer;+415
j  org.apache.maven.cli.MavenCli.doMain(Lorg/apache/maven/cli/CliRequest;)I+34
j  org.apache.maven.cli.MavenCli.main([Ljava/lang/String;Lorg/codehaus/plexus/classworlds/ClassWorld;)I+24
j  java.lang.invoke.DirectMethodHandle$Holder.invokeStatic(Ljava/lang/Object;Ljava/lang/Object;Ljava/lang/Object;)I+11 java.base@19.0.2
j  java.lang.invoke.LambdaForm$MH+0x000000080100b000.invoke(Ljava/lang/Object;Ljava/lang/Object;Ljava/lang/Object;Ljava/lang/Object;)Ljava/lang/Object;+54 java.base@19.0.2
j  java.lang.invoke.LambdaForm$MH+0x0000000801002800.invokeExact_MT(Ljava/lang/Object;Ljava/lang/Object;Ljava/lang/Object;Ljava/lang/Object;Ljava/lang/Object;)Ljava/lang/Object;+22 java.base@19.0.2
j  jdk.internal.reflect.DirectMethodHandleAccessor.invokeImpl(Ljava/lang/Object;[Ljava/lang/Object;)Ljava/lang/Object;+72 java.base@19.0.2
j  jdk.internal.reflect.DirectMethodHandleAccessor.invoke(Ljava/lang/Object;[Ljava/lang/Object;)Ljava/lang/Object;+23 java.base@19.0.2
j  java.lang.reflect.Method.invoke(Ljava/lang/Object;[Ljava/lang/Object;)Ljava/lang/Object;+102 java.base@19.0.2
j  org.codehaus.plexus.classworlds.launcher.Launcher.launchEnhanced([Ljava/lang/String;)V+45
j  org.codehaus.plexus.classworlds.launcher.Launcher.launch([Ljava/lang/String;)V+2
j  org.codehaus.plexus.classworlds.launcher.Launcher.mainWithExitCode([Ljava/lang/String;)I+108
j  org.codehaus.plexus.classworlds.launcher.Launcher.main([Ljava/lang/String;)V+1
j  org.codehaus.classworlds.Launcher.main([Ljava/lang/String;)V+1
v  ~StubRoutines::call_stub 0x000001ce65cd10e8

---------------  P R O C E S S  ---------------

Threads class SMR info:
_java_thread_list=0x000001ce7914b5b0, length=13, elements={
0x000001ce565ba8e0, 0x000001ce74e76050, 0x000001ce74e76c40, 0x000001ce74e77830,
0x000001ce74e79170, 0x000001ce74e79aa0, 0x000001ce74e7a3d0, 0x000001ce74e7b030,
0x000001ce74e7d9b0, 0x000001ce74e82340, 0x000001ce7904a7e0, 0x000001ce79211760,
0x000001ce79213cb0
}

Java Threads: ( => current thread )
=>0x000001ce565ba8e0 JavaThread "main" [_thread_in_vm, id=9728, stack(0x0000000fd0d00000,0x0000000fd0e00000)]
  0x000001ce74e76050 JavaThread "Reference Handler" daemon [_thread_blocked, id=13588, stack(0x0000000fd1400000,0x0000000fd1500000)]
  0x000001ce74e76c40 JavaThread "Finalizer" daemon [_thread_blocked, id=16776, stack(0x0000000fd1500000,0x0000000fd1600000)]
  0x000001ce74e77830 JavaThread "Signal Dispatcher" daemon [_thread_blocked, id=22340, stack(0x0000000fd1600000,0x0000000fd1700000)]
  0x000001ce74e79170 JavaThread "Attach Listener" daemon [_thread_blocked, id=6968, stack(0x0000000fd1700000,0x0000000fd1800000)]
  0x000001ce74e79aa0 JavaThread "Service Thread" daemon [_thread_blocked, id=21856, stack(0x0000000fd1800000,0x0000000fd1900000)]
  0x000001ce74e7a3d0 JavaThread "Monitor Deflation Thread" daemon [_thread_blocked, id=19000, stack(0x0000000fd1900000,0x0000000fd1a00000)]
  0x000001ce74e7b030 JavaThread "C2 CompilerThread0" daemon [_thread_blocked, id=20412, stack(0x0000000fd1a00000,0x0000000fd1b00000)]
  0x000001ce74e7d9b0 JavaThread "C1 CompilerThread0" daemon [_thread_blocked, id=11552, stack(0x0000000fd1b00000,0x0000000fd1c00000)]
  0x000001ce74e82340 JavaThread "Sweeper thread" daemon [_thread_blocked, id=1504, stack(0x0000000fd1c00000,0x0000000fd1d00000)]
  0x000001ce7904a7e0 JavaThread "Common-Cleaner" daemon [_thread_blocked, id=17316, stack(0x0000000fd1d00000,0x0000000fd1e00000)]
  0x000001ce79211760 JavaThread "Monitor Ctrl-Break" daemon [_thread_in_native, id=12600, stack(0x0000000fd1e00000,0x0000000fd1f00000)]
  0x000001ce79213cb0 JavaThread "Notification Thread" daemon [_thread_blocked, id=12464, stack(0x0000000fd1f00000,0x0000000fd2000000)]

Other Threads:
  0x000001ce74e5ae90 VMThread "VM Thread" [stack: 0x0000000fd1300000,0x0000000fd1400000] [id=19868]
  0x000001ce565bb6d0 WatcherThread "VM Periodic Task Thread" [stack: 0x0000000fd2000000,0x0000000fd2100000] [id=5756]
  0x000001ce56619b00 WorkerThread "GC Thread#0" [stack: 0x0000000fd0e00000,0x0000000fd0f00000] [id=14768]
  0x000001ce7960c980 WorkerThread "GC Thread#1" [stack: 0x0000000fd2100000,0x0000000fd2200000] [id=13088]
  0x000001ce7960b030 WorkerThread "GC Thread#2" [stack: 0x0000000fd2200000,0x0000000fd2300000] [id=2980]
  0x000001ce7960cc50 WorkerThread "GC Thread#3" [stack: 0x0000000fd2300000,0x0000000fd2400000] [id=15380]
  0x000001ce7960c110 WorkerThread "GC Thread#4" [stack: 0x0000000fd2400000,0x0000000fd2500000] [id=2936]
  0x000001ce7960b300 WorkerThread "GC Thread#5" [stack: 0x0000000fd2500000,0x0000000fd2600000] [id=5276]
  0x000001ce7960b5d0 WorkerThread "GC Thread#6" [stack: 0x0000000fd2600000,0x0000000fd2700000] [id=17868]
  0x000001ce7960be40 WorkerThread "GC Thread#7" [stack: 0x0000000fd2700000,0x0000000fd2800000] [id=5816]
  0x000001ce5662b040 ConcurrentGCThread "G1 Main Marker" [stack: 0x0000000fd0f00000,0x0000000fd1000000] [id=5868]
  0x000001ce5662b980 WorkerThread "G1 Conc#0" [stack: 0x0000000fd1000000,0x0000000fd1100000] [id=6324]
  0x000001ce5667eb80 ConcurrentGCThread "G1 Refine#0" [stack: 0x0000000fd1100000,0x0000000fd1200000] [id=16056]
  0x000001ce74d10690 ConcurrentGCThread "G1 Service" [stack: 0x0000000fd1200000,0x0000000fd1300000] [id=8280]

Threads with active compile tasks:

VM state: not at safepoint (normal execution)

VM Mutex/Monitor currently owned by a thread:  ([mutex/lock_event])
[0x000001ce565b45f0] Metaspace_lock - owner thread: 0x000001ce565ba8e0

Heap address: 0x0000000084a00000, size: 1974 MB, Compressed Oops mode: 32-bit

CDS archive(s) mapped at: [0x0000000800000000-0x0000000800c40000-0x0000000800c40000), size 12845056, SharedBaseAddress: 0x0000000800000000, ArchiveRelocationMode: 0.
Compressed class space mapped at: 0x0000000801000000-0x0000000841000000, reserved size: 1073741824
Narrow klass base: 0x0000000800000000, Narrow klass shift: 0, Narrow klass range: 0x100000000

GC Precious Log:
 CardTable entry size: 512
 Card Set container configuration: InlinePtr #cards 5 size 8 Array Of Cards #cards 12 size 40 Howl #buckets 4 coarsen threshold 1843 Howl Bitmap #cards 512 size 80 coarsen threshold 460 Card regions per heap region 1 cards per card region 2048
 CPUs: 8 total, 8 available
 Memory: 7894M
 Large Page Support: Disabled
 NUMA Support: Disabled
 Compressed Oops: Enabled (32-bit)
 Heap Region Size: 1M
 Heap Min Capacity: 8M
 Heap Initial Capacity: 124M
 Heap Max Capacity: 1974M
 Pre-touch: Disabled
 Parallel Workers: 8
 Concurrent Workers: 2
 Concurrent Refinement Workers: 8
 Periodic GC: Disabled

Heap:
 garbage-first heap   total 126976K, used 23832K [0x0000000084a00000, 0x0000000100000000)
  region size 1024K, 21 young (21504K), 2 survivors (2048K)
 Metaspace       used 12869K, committed 13056K, reserved 1114112K
  class space    used 1535K, committed 1664K, reserved 1048576K

Heap Regions: E=young(eden), S=young(survivor), O=old, HS=humongous(starts), HC=humongous(continues), CS=collection set, F=free, OA=open archive, CA=closed archive, TAMS=top-at-mark-start (previous, next)
|   0|0x0000000084a00000, 0x0000000084b00000, 0x0000000084b00000|100%| O|  |TAMS 0x0000000084a00000, 0x0000000084a00000| Untracked 
|   1|0x0000000084b00000, 0x0000000084c00000, 0x0000000084c00000|100%| O|  |TAMS 0x0000000084b00000, 0x0000000084b00000| Untracked 
|   2|0x0000000084c00000, 0x0000000084d00000, 0x0000000084d00000|100%| O|  |TAMS 0x0000000084c00000, 0x0000000084c00000| Untracked 
|   3|0x0000000084d00000, 0x0000000084dbd600, 0x0000000084e00000| 73%| O|  |TAMS 0x0000000084d00000, 0x0000000084d00000| Untracked 
|   4|0x0000000084e00000, 0x0000000084e00000, 0x0000000084f00000|  0%| F|  |TAMS 0x0000000084e00000, 0x0000000084e00000| Untracked 
|   5|0x0000000084f00000, 0x0000000084f00000, 0x0000000085000000|  0%| F|  |TAMS 0x0000000084f00000, 0x0000000084f00000| Untracked 
|   6|0x0000000085000000, 0x0000000085000000, 0x0000000085100000|  0%| F|  |TAMS 0x0000000085000000, 0x0000000085000000| Untracked 
|   7|0x0000000085100000, 0x0000000085100000, 0x0000000085200000|  0%| F|  |TAMS 0x0000000085100000, 0x0000000085100000| Untracked 
|   8|0x0000000085200000, 0x0000000085200000, 0x0000000085300000|  0%| F|  |TAMS 0x0000000085200000, 0x0000000085200000| Untracked 
|   9|0x0000000085300000, 0x0000000085300000, 0x0000000085400000|  0%| F|  |TAMS 0x0000000085300000, 0x0000000085300000| Untracked 
|  10|0x0000000085400000, 0x0000000085400000, 0x0000000085500000|  0%| F|  |TAMS 0x0000000085400000, 0x0000000085400000| Untracked 
|  11|0x0000000085500000, 0x0000000085500000, 0x0000000085600000|  0%| F|  |TAMS 0x0000000085500000, 0x0000000085500000| Untracked 
|  12|0x0000000085600000, 0x0000000085600000, 0x0000000085700000|  0%| F|  |TAMS 0x0000000085600000, 0x0000000085600000| Untracked 
|  13|0x0000000085700000, 0x0000000085700000, 0x0000000085800000|  0%| F|  |TAMS 0x0000000085700000, 0x0000000085700000| Untracked 
|  14|0x0000000085800000, 0x0000000085800000, 0x0000000085900000|  0%| F|  |TAMS 0x0000000085800000, 0x0000000085800000| Untracked 
|  15|0x0000000085900000, 0x0000000085900000, 0x0000000085a00000|  0%| F|  |TAMS 0x0000000085900000, 0x0000000085900000| Untracked 
|  16|0x0000000085a00000, 0x0000000085a00000, 0x0000000085b00000|  0%| F|  |TAMS 0x0000000085a00000, 0x0000000085a00000| Untracked 
|  17|0x0000000085b00000, 0x0000000085b00000, 0x0000000085c00000|  0%| F|  |TAMS 0x0000000085b00000, 0x0000000085b00000| Untracked 
|  18|0x0000000085c00000, 0x0000000085c00000, 0x0000000085d00000|  0%| F|  |TAMS 0x0000000085c00000, 0x0000000085c00000| Untracked 
|  19|0x0000000085d00000, 0x0000000085d00000, 0x0000000085e00000|  0%| F|  |TAMS 0x0000000085d00000, 0x0000000085d00000| Untracked 
|  20|0x0000000085e00000, 0x0000000085e00000, 0x0000000085f00000|  0%| F|  |TAMS 0x0000000085e00000, 0x0000000085e00000| Untracked 
|  21|0x0000000085f00000, 0x0000000085f00000, 0x0000000086000000|  0%| F|  |TAMS 0x0000000085f00000, 0x0000000085f00000| Untracked 
|  22|0x0000000086000000, 0x0000000086000000, 0x0000000086100000|  0%| F|  |TAMS 0x0000000086000000, 0x0000000086000000| Untracked 
|  23|0x0000000086100000, 0x0000000086100000, 0x0000000086200000|  0%| F|  |TAMS 0x0000000086100000, 0x0000000086100000| Untracked 
|  24|0x0000000086200000, 0x0000000086200000, 0x0000000086300000|  0%| F|  |TAMS 0x0000000086200000, 0x0000000086200000| Untracked 
|  25|0x0000000086300000, 0x0000000086300000, 0x0000000086400000|  0%| F|  |TAMS 0x0000000086300000, 0x0000000086300000| Untracked 
|  26|0x0000000086400000, 0x0000000086400000, 0x0000000086500000|  0%| F|  |TAMS 0x0000000086400000, 0x0000000086400000| Untracked 
|  27|0x0000000086500000, 0x0000000086500000, 0x0000000086600000|  0%| F|  |TAMS 0x0000000086500000, 0x0000000086500000| Untracked 
|  28|0x0000000086600000, 0x0000000086600000, 0x0000000086700000|  0%| F|  |TAMS 0x0000000086600000, 0x0000000086600000| Untracked 
|  29|0x0000000086700000, 0x0000000086700000, 0x0000000086800000|  0%| F|  |TAMS 0x0000000086700000, 0x0000000086700000| Untracked 
|  30|0x0000000086800000, 0x0000000086800000, 0x0000000086900000|  0%| F|  |TAMS 0x0000000086800000, 0x0000000086800000| Untracked 
|  31|0x0000000086900000, 0x0000000086900000, 0x0000000086a00000|  0%| F|  |TAMS 0x0000000086900000, 0x0000000086900000| Untracked 
|  32|0x0000000086a00000, 0x0000000086a00000, 0x0000000086b00000|  0%| F|  |TAMS 0x0000000086a00000, 0x0000000086a00000| Untracked 
|  33|0x0000000086b00000, 0x0000000086b00000, 0x0000000086c00000|  0%| F|  |TAMS 0x0000000086b00000, 0x0000000086b00000| Untracked 
|  34|0x0000000086c00000, 0x0000000086c00000, 0x0000000086d00000|  0%| F|  |TAMS 0x0000000086c00000, 0x0000000086c00000| Untracked 
|  35|0x0000000086d00000, 0x0000000086d00000, 0x0000000086e00000|  0%| F|  |TAMS 0x0000000086d00000, 0x0000000086d00000| Untracked 
|  36|0x0000000086e00000, 0x0000000086e00000, 0x0000000086f00000|  0%| F|  |TAMS 0x0000000086e00000, 0x0000000086e00000| Untracked 
|  37|0x0000000086f00000, 0x0000000086f00000, 0x0000000087000000|  0%| F|  |TAMS 0x0000000086f00000, 0x0000000086f00000| Untracked 
|  38|0x0000000087000000, 0x0000000087000000, 0x0000000087100000|  0%| F|  |TAMS 0x0000000087000000, 0x0000000087000000| Untracked 
|  39|0x0000000087100000, 0x0000000087100000, 0x0000000087200000|  0%| F|  |TAMS 0x0000000087100000, 0x0000000087100000| Untracked 
|  40|0x0000000087200000, 0x0000000087200000, 0x0000000087300000|  0%| F|  |TAMS 0x0000000087200000, 0x0000000087200000| Untracked 
|  41|0x0000000087300000, 0x0000000087300000, 0x0000000087400000|  0%| F|  |TAMS 0x0000000087300000, 0x0000000087300000| Untracked 
|  42|0x0000000087400000, 0x0000000087400000, 0x0000000087500000|  0%| F|  |TAMS 0x0000000087400000, 0x0000000087400000| Untracked 
|  43|0x0000000087500000, 0x0000000087500000, 0x0000000087600000|  0%| F|  |TAMS 0x0000000087500000, 0x0000000087500000| Untracked 
|  44|0x0000000087600000, 0x0000000087600000, 0x0000000087700000|  0%| F|  |TAMS 0x0000000087600000, 0x0000000087600000| Untracked 
|  45|0x0000000087700000, 0x0000000087700000, 0x0000000087800000|  0%| F|  |TAMS 0x0000000087700000, 0x0000000087700000| Untracked 
|  46|0x0000000087800000, 0x0000000087800000, 0x0000000087900000|  0%| F|  |TAMS 0x0000000087800000, 0x0000000087800000| Untracked 
|  47|0x0000000087900000, 0x0000000087900000, 0x0000000087a00000|  0%| F|  |TAMS 0x0000000087900000, 0x0000000087900000| Untracked 
|  48|0x0000000087a00000, 0x0000000087a00000, 0x0000000087b00000|  0%| F|  |TAMS 0x0000000087a00000, 0x0000000087a00000| Untracked 
|  49|0x0000000087b00000, 0x0000000087b00000, 0x0000000087c00000|  0%| F|  |TAMS 0x0000000087b00000, 0x0000000087b00000| Untracked 
|  50|0x0000000087c00000, 0x0000000087c00000, 0x0000000087d00000|  0%| F|  |TAMS 0x0000000087c00000, 0x0000000087c00000| Untracked 
|  51|0x0000000087d00000, 0x0000000087d00000, 0x0000000087e00000|  0%| F|  |TAMS 0x0000000087d00000, 0x0000000087d00000| Untracked 
|  52|0x0000000087e00000, 0x0000000087e00000, 0x0000000087f00000|  0%| F|  |TAMS 0x0000000087e00000, 0x0000000087e00000| Untracked 
|  53|0x0000000087f00000, 0x0000000087f00000, 0x0000000088000000|  0%| F|  |TAMS 0x0000000087f00000, 0x0000000087f00000| Untracked 
|  54|0x0000000088000000, 0x0000000088000000, 0x0000000088100000|  0%| F|  |TAMS 0x0000000088000000, 0x0000000088000000| Untracked 
|  55|0x0000000088100000, 0x0000000088100000, 0x0000000088200000|  0%| F|  |TAMS 0x0000000088100000, 0x0000000088100000| Untracked 
|  56|0x0000000088200000, 0x0000000088200000, 0x0000000088300000|  0%| F|  |TAMS 0x0000000088200000, 0x0000000088200000| Untracked 
|  57|0x0000000088300000, 0x0000000088300000, 0x0000000088400000|  0%| F|  |TAMS 0x0000000088300000, 0x0000000088300000| Untracked 
|  58|0x0000000088400000, 0x0000000088400000, 0x0000000088500000|  0%| F|  |TAMS 0x0000000088400000, 0x0000000088400000| Untracked 
|  59|0x0000000088500000, 0x0000000088500000, 0x0000000088600000|  0%| F|  |TAMS 0x0000000088500000, 0x0000000088500000| Untracked 
|  60|0x0000000088600000, 0x0000000088600000, 0x0000000088700000|  0%| F|  |TAMS 0x0000000088600000, 0x0000000088600000| Untracked 
|  61|0x0000000088700000, 0x0000000088700000, 0x0000000088800000|  0%| F|  |TAMS 0x0000000088700000, 0x0000000088700000| Untracked 
|  62|0x0000000088800000, 0x0000000088800000, 0x0000000088900000|  0%| F|  |TAMS 0x0000000088800000, 0x0000000088800000| Untracked 
|  63|0x0000000088900000, 0x0000000088900000, 0x0000000088a00000|  0%| F|  |TAMS 0x0000000088900000, 0x0000000088900000| Untracked 
|  64|0x0000000088a00000, 0x0000000088a00000, 0x0000000088b00000|  0%| F|  |TAMS 0x0000000088a00000, 0x0000000088a00000| Untracked 
|  65|0x0000000088b00000, 0x0000000088b00000, 0x0000000088c00000|  0%| F|  |TAMS 0x0000000088b00000, 0x0000000088b00000| Untracked 
|  66|0x0000000088c00000, 0x0000000088c00000, 0x0000000088d00000|  0%| F|  |TAMS 0x0000000088c00000, 0x0000000088c00000| Untracked 
|  67|0x0000000088d00000, 0x0000000088d00000, 0x0000000088e00000|  0%| F|  |TAMS 0x0000000088d00000, 0x0000000088d00000| Untracked 
|  68|0x0000000088e00000, 0x0000000088e00000, 0x0000000088f00000|  0%| F|  |TAMS 0x0000000088e00000, 0x0000000088e00000| Untracked 
|  69|0x0000000088f00000, 0x0000000088f00000, 0x0000000089000000|  0%| F|  |TAMS 0x0000000088f00000, 0x0000000088f00000| Untracked 
|  70|0x0000000089000000, 0x0000000089000000, 0x0000000089100000|  0%| F|  |TAMS 0x0000000089000000, 0x0000000089000000| Untracked 
|  71|0x0000000089100000, 0x0000000089100000, 0x0000000089200000|  0%| F|  |TAMS 0x0000000089100000, 0x0000000089100000| Untracked 
|  72|0x0000000089200000, 0x0000000089200000, 0x0000000089300000|  0%| F|  |TAMS 0x0000000089200000, 0x0000000089200000| Untracked 
|  73|0x0000000089300000, 0x0000000089300000, 0x0000000089400000|  0%| F|  |TAMS 0x0000000089300000, 0x0000000089300000| Untracked 
|  74|0x0000000089400000, 0x0000000089400000, 0x0000000089500000|  0%| F|  |TAMS 0x0000000089400000, 0x0000000089400000| Untracked 
|  75|0x0000000089500000, 0x0000000089500000, 0x0000000089600000|  0%| F|  |TAMS 0x0000000089500000, 0x0000000089500000| Untracked 
|  76|0x0000000089600000, 0x0000000089600000, 0x0000000089700000|  0%| F|  |TAMS 0x0000000089600000, 0x0000000089600000| Untracked 
|  77|0x0000000089700000, 0x0000000089700000, 0x0000000089800000|  0%| F|  |TAMS 0x0000000089700000, 0x0000000089700000| Untracked 
|  78|0x0000000089800000, 0x0000000089800000, 0x0000000089900000|  0%| F|  |TAMS 0x0000000089800000, 0x0000000089800000| Untracked 
|  79|0x0000000089900000, 0x0000000089900000, 0x0000000089a00000|  0%| F|  |TAMS 0x0000000089900000, 0x0000000089900000| Untracked 
|  80|0x0000000089a00000, 0x0000000089a00000, 0x0000000089b00000|  0%| F|  |TAMS 0x0000000089a00000, 0x0000000089a00000| Untracked 
|  81|0x0000000089b00000, 0x0000000089b00000, 0x0000000089c00000|  0%| F|  |TAMS 0x0000000089b00000, 0x0000000089b00000| Untracked 
|  82|0x0000000089c00000, 0x0000000089c00000, 0x0000000089d00000|  0%| F|  |TAMS 0x0000000089c00000, 0x0000000089c00000| Untracked 
|  83|0x0000000089d00000, 0x0000000089d00000, 0x0000000089e00000|  0%| F|  |TAMS 0x0000000089d00000, 0x0000000089d00000| Untracked 
|  84|0x0000000089e00000, 0x0000000089e00000, 0x0000000089f00000|  0%| F|  |TAMS 0x0000000089e00000, 0x0000000089e00000| Untracked 
|  85|0x0000000089f00000, 0x0000000089f00000, 0x000000008a000000|  0%| F|  |TAMS 0x0000000089f00000, 0x0000000089f00000| Untracked 
|  86|0x000000008a000000, 0x000000008a000000, 0x000000008a100000|  0%| F|  |TAMS 0x000000008a000000, 0x000000008a000000| Untracked 
|  87|0x000000008a100000, 0x000000008a100000, 0x000000008a200000|  0%| F|  |TAMS 0x000000008a100000, 0x000000008a100000| Untracked 
|  88|0x000000008a200000, 0x000000008a200000, 0x000000008a300000|  0%| F|  |TAMS 0x000000008a200000, 0x000000008a200000| Untracked 
|  89|0x000000008a300000, 0x000000008a300000, 0x000000008a400000|  0%| F|  |TAMS 0x000000008a300000, 0x000000008a300000| Untracked 
|  90|0x000000008a400000, 0x000000008a400000, 0x000000008a500000|  0%| F|  |TAMS 0x000000008a400000, 0x000000008a400000| Untracked 
|  91|0x000000008a500000, 0x000000008a588d60, 0x000000008a600000| 53%| S|CS|TAMS 0x000000008a500000, 0x000000008a500000| Complete 
|  92|0x000000008a600000, 0x000000008a700000, 0x000000008a700000|100%| S|CS|TAMS 0x000000008a600000, 0x000000008a600000| Complete 
|  93|0x000000008a700000, 0x000000008a700000, 0x000000008a800000|  0%| F|  |TAMS 0x000000008a700000, 0x000000008a700000| Untracked 
|  94|0x000000008a800000, 0x000000008a800000, 0x000000008a900000|  0%| F|  |TAMS 0x000000008a800000, 0x000000008a800000| Untracked 
|  95|0x000000008a900000, 0x000000008a900000, 0x000000008aa00000|  0%| F|  |TAMS 0x000000008a900000, 0x000000008a900000| Untracked 
|  96|0x000000008aa00000, 0x000000008aa00000, 0x000000008ab00000|  0%| F|  |TAMS 0x000000008aa00000, 0x000000008aa00000| Untracked 
|  97|0x000000008ab00000, 0x000000008ab00000, 0x000000008ac00000|  0%| F|  |TAMS 0x000000008ab00000, 0x000000008ab00000| Untracked 
|  98|0x000000008ac00000, 0x000000008ac00000, 0x000000008ad00000|  0%| F|  |TAMS 0x000000008ac00000, 0x000000008ac00000| Untracked 
|  99|0x000000008ad00000, 0x000000008ad00000, 0x000000008ae00000|  0%| F|  |TAMS 0x000000008ad00000, 0x000000008ad00000| Untracked 
| 100|0x000000008ae00000, 0x000000008ae00000, 0x000000008af00000|  0%| F|  |TAMS 0x000000008ae00000, 0x000000008ae00000| Untracked 
| 101|0x000000008af00000, 0x000000008af00000, 0x000000008b000000|  0%| F|  |TAMS 0x000000008af00000, 0x000000008af00000| Untracked 
| 102|0x000000008b000000, 0x000000008b000000, 0x000000008b100000|  0%| F|  |TAMS 0x000000008b000000, 0x000000008b000000| Untracked 
| 103|0x000000008b100000, 0x000000008b100000, 0x000000008b200000|  0%| F|  |TAMS 0x000000008b100000, 0x000000008b100000| Untracked 
| 104|0x000000008b200000, 0x000000008b200000, 0x000000008b300000|  0%| F|  |TAMS 0x000000008b200000, 0x000000008b200000| Untracked 
| 105|0x000000008b300000, 0x000000008b400000, 0x000000008b400000|100%| E|  |TAMS 0x000000008b300000, 0x000000008b300000| Complete 
| 106|0x000000008b400000, 0x000000008b500000, 0x000000008b500000|100%| E|CS|TAMS 0x000000008b400000, 0x000000008b400000| Complete 
| 107|0x000000008b500000, 0x000000008b600000, 0x000000008b600000|100%| E|CS|TAMS 0x000000008b500000, 0x000000008b500000| Complete 
| 108|0x000000008b600000, 0x000000008b700000, 0x000000008b700000|100%| E|CS|TAMS 0x000000008b600000, 0x000000008b600000| Complete 
| 109|0x000000008b700000, 0x000000008b800000, 0x000000008b800000|100%| E|CS|TAMS 0x000000008b700000, 0x000000008b700000| Complete 
| 110|0x000000008b800000, 0x000000008b900000, 0x000000008b900000|100%| E|CS|TAMS 0x000000008b800000, 0x000000008b800000| Complete 
| 111|0x000000008b900000, 0x000000008ba00000, 0x000000008ba00000|100%| E|CS|TAMS 0x000000008b900000, 0x000000008b900000| Complete 
| 112|0x000000008ba00000, 0x000000008bb00000, 0x000000008bb00000|100%| E|CS|TAMS 0x000000008ba00000, 0x000000008ba00000| Complete 
| 113|0x000000008bb00000, 0x000000008bc00000, 0x000000008bc00000|100%| E|CS|TAMS 0x000000008bb00000, 0x000000008bb00000| Complete 
| 114|0x000000008bc00000, 0x000000008bd00000, 0x000000008bd00000|100%| E|CS|TAMS 0x000000008bc00000, 0x000000008bc00000| Complete 
| 115|0x000000008bd00000, 0x000000008be00000, 0x000000008be00000|100%| E|CS|TAMS 0x000000008bd00000, 0x000000008bd00000| Complete 
| 116|0x000000008be00000, 0x000000008bf00000, 0x000000008bf00000|100%| E|CS|TAMS 0x000000008be00000, 0x000000008be00000| Complete 
| 117|0x000000008bf00000, 0x000000008c000000, 0x000000008c000000|100%| E|CS|TAMS 0x000000008bf00000, 0x000000008bf00000| Complete 
| 118|0x000000008c000000, 0x000000008c100000, 0x000000008c100000|100%| E|CS|TAMS 0x000000008c000000, 0x000000008c000000| Complete 
| 119|0x000000008c100000, 0x000000008c200000, 0x000000008c200000|100%| E|CS|TAMS 0x000000008c100000, 0x000000008c100000| Complete 
| 120|0x000000008c200000, 0x000000008c300000, 0x000000008c300000|100%| E|CS|TAMS 0x000000008c200000, 0x000000008c200000| Complete 
| 121|0x000000008c300000, 0x000000008c400000, 0x000000008c400000|100%| E|CS|TAMS 0x000000008c300000, 0x000000008c300000| Complete 
| 122|0x000000008c400000, 0x000000008c500000, 0x000000008c500000|100%| E|CS|TAMS 0x000000008c400000, 0x000000008c400000| Complete 
| 123|0x000000008c500000, 0x000000008c600000, 0x000000008c600000|100%| E|CS|TAMS 0x000000008c500000, 0x000000008c500000| Complete 

Card table byte_map: [0x000001ce6dec0000,0x000001ce6e2a0000] _byte_map_base: 0x000001ce6da9b000

Marking Bits (Prev, Next): (CMBitMap*) 0x000001ce5661a040, (CMBitMap*) 0x000001ce5661a080
 Prev Bits: [0x000001ce6e680000, 0x000001ce70558000)
 Next Bits: [0x000001ce70560000, 0x000001ce72438000)

Polling page: 0x000001ce54500000

Metaspace:

Usage:
  Non-class:     11.07 MB used.
      Class:      1.50 MB used.
       Both:     12.57 MB used.

Virtual space:
  Non-class space:       64.00 MB reserved,      11.13 MB ( 17%) committed,  1 nodes.
      Class space:        1.00 GB reserved,       1.63 MB ( <1%) committed,  1 nodes.
             Both:        1.06 GB reserved,      12.75 MB (  1%) committed. 

Chunk freelists:
   Non-Class:  3.86 MB
       Class:  2.31 MB
        Both:  6.17 MB

MaxMetaspaceSize: unlimited
CompressedClassSpaceSize: 1.00 GB
Initial GC threshold: 21.00 MB
Current GC threshold: 21.00 MB
CDS: on
MetaspaceReclaimPolicy: balanced
 - commit_granule_bytes: 65536.
 - commit_granule_words: 8192.
 - virtual_space_node_default_size: 8388608.
 - enlarge_chunks_in_place: 1.
 - new_chunks_are_fully_committed: 0.
 - uncommit_free_chunks: 1.
 - use_allocation_guard: 0.


Internal statistics:

num_allocs_failed_limit: 0.
num_arena_births: 134.
num_arena_deaths: 0.
num_vsnodes_births: 2.
num_vsnodes_deaths: 0.
num_space_committed: 204.
num_space_uncommitted: 0.
num_chunks_returned_to_freelist: 0.
num_chunks_taken_from_freelist: 553.
num_chunk_merges: 0.
num_chunk_splits: 396.
num_chunks_enlarged: 321.
num_inconsistent_stats: 0.

CodeHeap 'non-profiled nmethods': size=120000Kb used=976Kb max_used=976Kb free=119023Kb
 bounds [0x000001ce66270000, 0x000001ce664e0000, 0x000001ce6d7a0000]
CodeHeap 'profiled nmethods': size=120000Kb used=4809Kb max_used=4809Kb free=115191Kb
 bounds [0x000001ce5e7a0000, 0x000001ce5ec60000, 0x000001ce65cd0000]
CodeHeap 'non-nmethods': size=5760Kb used=1275Kb max_used=1310Kb free=4484Kb
 bounds [0x000001ce65cd0000, 0x000001ce65f40000, 0x000001ce66270000]
 total_blobs=2944 nmethods=2474 adapters=381
 compilation: enabled
              stopped_count=0, restarted_count=0
 full_count=0

Compilation events (20 events):
Event: 45.396 Thread 0x000001ce74e7d9b0 2478       3       com.google.common.collect.LinkedHashMultimap::containsValue (6 bytes)
Event: 45.396 Thread 0x000001ce74e7d9b0 nmethod 2478 0x000001ce5ec4e590 code [0x000001ce5ec4e740, 0x000001ce5ec4e888]
Event: 45.396 Thread 0x000001ce74e7d9b0 2479       3       com.google.common.collect.AbstractSetMultimap::get (6 bytes)
Event: 45.397 Thread 0x000001ce74e7d9b0 nmethod 2479 0x000001ce5ec4e910 code [0x000001ce5ec4eae0, 0x000001ce5ec4ede8]
Event: 45.440 Thread 0x000001ce74e7d9b0 2480       3       com.google.inject.internal.Scoping::isNoScope (16 bytes)
Event: 45.440 Thread 0x000001ce74e7d9b0 nmethod 2480 0x000001ce5ec4ef10 code [0x000001ce5ec4f0c0, 0x000001ce5ec4f2e8]
Event: 45.440 Thread 0x000001ce74e7d9b0 2481       3       java.lang.ThreadLocal::get (8 bytes)
Event: 45.441 Thread 0x000001ce74e7d9b0 nmethod 2481 0x000001ce5ec4f390 code [0x000001ce5ec4f540, 0x000001ce5ec4f688]
Event: 45.441 Thread 0x000001ce74e7d9b0 2482       3       com.google.inject.internal.Scoping$1::getScopeInstance (4 bytes)
Event: 45.441 Thread 0x000001ce74e7d9b0 nmethod 2482 0x000001ce5ec4f710 code [0x000001ce5ec4f8a0, 0x000001ce5ec4f9b8]
Event: 45.441 Thread 0x000001ce74e7d9b0 2483       3       com.google.inject.internal.InternalInjectorCreator::isEagerSingleton (62 bytes)
Event: 45.442 Thread 0x000001ce74e7d9b0 nmethod 2483 0x000001ce5ec4fa90 code [0x000001ce5ec4fca0, 0x000001ce5ec505d8]
Event: 45.442 Thread 0x000001ce74e7d9b0 2484       3       com.google.inject.internal.Scoping::isEagerSingleton (38 bytes)
Event: 45.442 Thread 0x000001ce74e7d9b0 nmethod 2484 0x000001ce5ec50810 code [0x000001ce5ec509c0, 0x000001ce5ec50c58]
Event: 45.453 Thread 0x000001ce74e7d9b0 2485       3       java.security.CodeSource::getCertificates (98 bytes)
Event: 45.455 Thread 0x000001ce74e7d9b0 nmethod 2485 0x000001ce5ec50d10 code [0x000001ce5ec50f80, 0x000001ce5ec51c78]
Event: 45.465 Thread 0x000001ce74e7b030 2486       4       java.util.ArrayDeque::pollFirst (36 bytes)
Event: 45.467 Thread 0x000001ce74e7b030 nmethod 2486 0x000001ce66363d10 code [0x000001ce66363ea0, 0x000001ce66363fb8]
Event: 45.852 Thread 0x000001ce74e7d9b0 2487       3       com.google.inject.internal.LinkedBindingImpl::acceptTargetVisitor (8 bytes)
Event: 45.853 Thread 0x000001ce74e7d9b0 nmethod 2487 0x000001ce5ec51f90 code [0x000001ce5ec52140, 0x000001ce5ec52328]

GC Heap History (4 events):
Event: 14.807 GC heap before
{Heap before GC invocations=0 (full 0):
 garbage-first heap   total 126976K, used 22528K [0x0000000084a00000, 0x0000000100000000)
  region size 1024K, 23 young (23552K), 0 survivors (0K)
 Metaspace       used 5986K, committed 6208K, reserved 1114112K
  class space    used 680K, committed 768K, reserved 1048576K
}
Event: 14.949 GC heap after
{Heap after GC invocations=1 (full 0):
 garbage-first heap   total 126976K, used 3720K [0x0000000084a00000, 0x0000000100000000)
  region size 1024K, 3 young (3072K), 3 survivors (3072K)
 Metaspace       used 5986K, committed 6208K, reserved 1114112K
  class space    used 680K, committed 768K, reserved 1048576K
}
Event: 27.329 GC heap before
{Heap before GC invocations=1 (full 0):
 garbage-first heap   total 126976K, used 32392K [0x0000000084a00000, 0x0000000100000000)
  region size 1024K, 31 young (31744K), 3 survivors (3072K)
 Metaspace       used 9431K, committed 9600K, reserved 1114112K
  class space    used 1087K, committed 1152K, reserved 1048576K
}
Event: 27.347 GC heap after
{Heap after GC invocations=2 (full 0):
 garbage-first heap   total 126976K, used 5400K [0x0000000084a00000, 0x0000000100000000)
  region size 1024K, 2 young (2048K), 2 survivors (2048K)
 Metaspace       used 9431K, committed 9600K, reserved 1114112K
  class space    used 1087K, committed 1152K, reserved 1048576K
}

Dll operation events (11 events):
Event: 0.040 Loaded shared library C:\Users\vasar\.jdks\corretto-19.0.2\bin\java.dll
Event: 0.562 Loaded shared library C:\Users\vasar\.jdks\corretto-19.0.2\bin\jsvml.dll
Event: 1.528 Loaded shared library C:\Users\vasar\.jdks\corretto-19.0.2\bin\zip.dll
Event: 1.534 Loaded shared library C:\Users\vasar\.jdks\corretto-19.0.2\bin\instrument.dll
Event: 1.603 Loaded shared library C:\Users\vasar\.jdks\corretto-19.0.2\bin\net.dll
Event: 1.608 Loaded shared library C:\Users\vasar\.jdks\corretto-19.0.2\bin\nio.dll
Event: 1.620 Loaded shared library C:\Users\vasar\.jdks\corretto-19.0.2\bin\zip.dll
Event: 2.080 Loaded shared library C:\Users\vasar\.jdks\corretto-19.0.2\bin\extnet.dll
Event: 3.247 Loaded shared library C:\Users\vasar\.jdks\corretto-19.0.2\bin\jimage.dll
Event: 4.123 Loaded shared library C:\Users\vasar\AppData\Local\Temp\jansi-2.4.1-30036ce86bdad296-jansi.dll
Event: 4.148 Loaded shared library C:\Users\vasar\.jdks\corretto-19.0.2\bin\verify.dll

Deoptimization events (20 events):
Event: 29.645 Thread 0x000001ce565ba8e0 DEOPT PACKING pc=0x000001ce663351f0 sp=0x0000000fd0dfe290
Event: 29.646 Thread 0x000001ce565ba8e0 DEOPT UNPACKING pc=0x000001ce65d3a5a3 sp=0x0000000fd0dfe240 mode 2
Event: 35.721 Thread 0x000001ce565ba8e0 Uncommon trap: trap_request=0xffffff45 fr.pc=0x000001ce6633b06c relative=0x000000000000052c
Event: 35.721 Thread 0x000001ce565ba8e0 Uncommon trap: reason=unstable_if action=reinterpret pc=0x000001ce6633b06c method=java.lang.Integer.getChars(II[B)I @ 25 c2
Event: 35.721 Thread 0x000001ce565ba8e0 DEOPT PACKING pc=0x000001ce6633b06c sp=0x0000000fd0dfbe40
Event: 35.721 Thread 0x000001ce565ba8e0 DEOPT UNPACKING pc=0x000001ce65d3a5a3 sp=0x0000000fd0dfbd78 mode 2
Event: 35.724 Thread 0x000001ce565ba8e0 Uncommon trap: trap_request=0xffffff45 fr.pc=0x000001ce662bf9f4 relative=0x0000000000000254
Event: 35.724 Thread 0x000001ce565ba8e0 Uncommon trap: reason=unstable_if action=reinterpret pc=0x000001ce662bf9f4 method=java.util.concurrent.ConcurrentHashMap.get(Ljava/lang/Object;)Ljava/lang/Object; @ 76 c2
Event: 35.724 Thread 0x000001ce565ba8e0 DEOPT PACKING pc=0x000001ce662bf9f4 sp=0x0000000fd0dfb760
Event: 35.724 Thread 0x000001ce565ba8e0 DEOPT UNPACKING pc=0x000001ce65d3a5a3 sp=0x0000000fd0dfb6d8 mode 2
Event: 37.754 Thread 0x000001ce565ba8e0 Uncommon trap: trap_request=0xffffff45 fr.pc=0x000001ce662ef21c relative=0x000000000000017c
Event: 37.755 Thread 0x000001ce565ba8e0 Uncommon trap: reason=unstable_if action=reinterpret pc=0x000001ce662ef21c method=java.lang.ClassLoader.checkName(Ljava/lang/String;)Z @ 1 c2
Event: 37.755 Thread 0x000001ce565ba8e0 DEOPT PACKING pc=0x000001ce662ef21c sp=0x0000000fd0dfded0
Event: 37.755 Thread 0x000001ce565ba8e0 DEOPT UNPACKING pc=0x000001ce65d3a5a3 sp=0x0000000fd0dfde68 mode 2
Event: 38.317 Thread 0x000001ce565ba8e0 Uncommon trap: trap_request=0xffffff45 fr.pc=0x000001ce6634220c relative=0x0000000000000a0c
Event: 38.317 Thread 0x000001ce565ba8e0 Uncommon trap: reason=unstable_if action=reinterpret pc=0x000001ce6634220c method=jdk.internal.org.objectweb.asm.SymbolTable.put(Ljdk/internal/org/objectweb/asm/SymbolTable$Entry;)Ljdk/internal/org/objectweb/asm/SymbolTable$Entry; @ 13 c2
Event: 38.317 Thread 0x000001ce565ba8e0 DEOPT PACKING pc=0x000001ce6634220c sp=0x0000000fd0dfdba0
Event: 38.317 Thread 0x000001ce565ba8e0 DEOPT UNPACKING pc=0x000001ce65d3a5a3 sp=0x0000000fd0dfdad8 mode 2
Event: 40.845 Thread 0x000001ce565ba8e0 DEOPT PACKING pc=0x000001ce5eb3f294 sp=0x0000000fd0dfd7e0
Event: 40.845 Thread 0x000001ce565ba8e0 DEOPT UNPACKING pc=0x000001ce65d3b0e3 sp=0x0000000fd0dfcc98 mode 0

Classes loaded (20 events):
Event: 32.334 Loading class java/nio/file/AccessDeniedException
Event: 32.334 Loading class java/nio/file/FileSystemException
Event: 32.334 Loading class java/nio/file/FileSystemException done
Event: 32.334 Loading class java/nio/file/AccessDeniedException done
Event: 35.326 Loading class java/lang/ExceptionInInitializerError
Event: 35.327 Loading class java/lang/ExceptionInInitializerError done
Event: 35.722 Loading class jdk/internal/vm/annotation/ForceInline
Event: 35.723 Loading class jdk/internal/vm/annotation/ForceInline done
Event: 36.711 Loading class sun/invoke/util/ValueConversions$1
Event: 36.713 Loading class sun/invoke/util/ValueConversions$1 done
Event: 36.722 Loading class java/lang/invoke/BoundMethodHandle$Species_LI
Event: 36.722 Loading class java/lang/invoke/BoundMethodHandle$Species_LI done
Event: 40.843 Loading class sun/reflect/generics/scope/MethodScope
Event: 40.844 Loading class sun/reflect/generics/scope/MethodScope done
Event: 40.844 Loading class sun/reflect/generics/repository/MethodRepository
Event: 40.844 Loading class sun/reflect/generics/repository/MethodRepository done
Event: 44.857 Loading class java/util/ConcurrentModificationException
Event: 44.858 Loading class java/util/ConcurrentModificationException done
Event: 45.757 Loading class java/lang/ClassFormatError
Event: 45.757 Loading class java/lang/ClassFormatError done

Classes unloaded (0 events):
No events

Classes redefined (0 events):
No events

Internal exceptions (20 events):
Event: 5.223 Thread 0x000001ce565ba8e0 Exception <a 'java/lang/NoSuchMethodError'{0x000000008bd7dfc0}: 'java.lang.Object java.lang.invoke.DirectMethodHandle$Holder.invokeSpecialIFC(java.lang.Object, java.lang.Object, java.lang.Object, java.lang.Object)'> (0x000000008bd7dfc0) 
thrown [s\src\hotspot\share\interpreter\linkResolver.cpp, line 774]
Event: 8.633 Thread 0x000001ce565ba8e0 Exception <a 'java/lang/NoSuchMethodError'{0x000000008b72e1f8}: 'void java.lang.invoke.DirectMethodHandle$Holder.invokeSpecial(java.lang.Object, java.lang.Object, java.lang.Object)'> (0x000000008b72e1f8) 
thrown [s\src\hotspot\share\interpreter\linkResolver.cpp, line 774]
Event: 9.351 Thread 0x000001ce565ba8e0 Exception <a 'java/lang/NoSuchMethodError'{0x000000008b685f38}: 'java.lang.Object java.lang.invoke.DirectMethodHandle$Holder.invokeInterface(java.lang.Object, java.lang.Object)'> (0x000000008b685f38) 
thrown [s\src\hotspot\share\interpreter\linkResolver.cpp, line 774]
Event: 9.990 Thread 0x000001ce565ba8e0 Exception <a 'java/lang/NoSuchMethodError'{0x000000008b527cc8}: 'int java.lang.invoke.DirectMethodHandle$Holder.invokeStatic(java.lang.Object, java.lang.Object, java.lang.Object, java.lang.Object)'> (0x000000008b527cc8) 
thrown [s\src\hotspot\share\interpreter\linkResolver.cpp, line 774]
Event: 9.996 Thread 0x000001ce565ba8e0 Exception <a 'java/lang/NoSuchMethodError'{0x000000008b52b608}: 'java.lang.Object java.lang.invoke.Invokers$Holder.invokeExact_MT(java.lang.Object, java.lang.Object, java.lang.Object, java.lang.Object, java.lang.Object, java.lang.Object)'> (0x000000008b52b608) 
thrown [s\src\hotspot\share\interpreter\linkResolver.cpp, line 774]
Event: 10.004 Thread 0x000001ce565ba8e0 Exception <a 'java/lang/NoSuchMethodError'{0x000000008b53c630}: 'int java.lang.invoke.DirectMethodHandle$Holder.invokeSpecialIFC(java.lang.Object, java.lang.Object, java.lang.Object, java.lang.Object, java.lang.Object)'> (0x000000008b53c630) 
thrown [s\src\hotspot\share\interpreter\linkResolver.cpp, line 774]
Event: 12.266 Thread 0x000001ce565ba8e0 Exception <a 'java/lang/NoSuchMethodError'{0x000000008b4d84c8}: 'java.lang.Object java.lang.invoke.DirectMethodHandle$Holder.newInvokeSpecial(java.lang.Object, java.lang.Object, java.lang.Object, java.lang.Object, java.lang.Object)'> (0x000000008b4d84c8) 
thrown [s\src\hotspot\share\interpreter\linkResolver.cpp, line 774]
Event: 12.980 Thread 0x000001ce565ba8e0 Exception <a 'java/lang/NoSuchMethodError'{0x000000008b3df3b8}: 'int java.lang.invoke.DirectMethodHandle$Holder.invokeStaticInit(java.lang.Object, java.lang.Object)'> (0x000000008b3df3b8) 
thrown [s\src\hotspot\share\interpreter\linkResolver.cpp, line 774]
Event: 13.048 Thread 0x000001ce565ba8e0 Exception <a 'java/lang/NoClassDefFoundError'{0x000000008b217538}: javax/enterprise/inject/Typed> (0x000000008b217538) 
thrown [s\src\hotspot\share\classfile\systemDictionary.cpp, line 244]
Event: 35.318 Thread 0x000001ce565ba8e0 Exception <a 'java/lang/NoSuchMethodError'{0x000000008bd42bb0}: 'void java.lang.invoke.DirectMethodHandle$Holder.invokeStaticInit(java.lang.Object, java.lang.Object, java.lang.Object)'> (0x000000008bd42bb0) 
thrown [s\src\hotspot\share\interpreter\linkResolver.cpp, line 774]
Event: 35.334 Thread 0x000001ce565ba8e0 Exception <a 'java/lang/ExceptionInInitializerError'{0x000000008bd6db58}> (0x000000008bd6db58) 
thrown [s\src\hotspot\share\oops\instanceKlass.cpp, line 1168]
Event: 36.716 Thread 0x000001ce565ba8e0 Exception <a 'java/lang/NoSuchMethodError'{0x000000008bc83490}: 'long java.lang.invoke.DirectMethodHandle$Holder.invokeStatic(java.lang.Object, java.lang.Object, int)'> (0x000000008bc83490) 
thrown [s\src\hotspot\share\interpreter\linkResolver.cpp, line 774]
Event: 36.731 Thread 0x000001ce565ba8e0 Exception <a 'java/lang/NoSuchMethodError'{0x000000008bc96ca0}: 'java.lang.Object java.lang.invoke.DirectMethodHandle$Holder.invokeStatic(java.lang.Object, java.lang.Object, java.lang.Object, java.lang.Object, int)'> (0x000000008bc96ca0) 
thrown [s\src\hotspot\share\interpreter\linkResolver.cpp, line 774]
Event: 37.739 Thread 0x000001ce565ba8e0 Exception <a 'java/lang/NoSuchMethodError'{0x000000008bc9f1d8}: 'java.lang.Object java.lang.invoke.DirectMethodHandle$Holder.invokeSpecial(java.lang.Object, java.lang.Object, java.lang.Object, java.lang.Object, long)'> (0x000000008bc9f1d8) 
thrown [s\src\hotspot\share\interpreter\linkResolver.cpp, line 774]
Event: 37.742 Thread 0x000001ce565ba8e0 Exception <a 'java/lang/NoSuchMethodError'{0x000000008bcab268}: 'java.lang.Object java.lang.invoke.DirectMethodHandle$Holder.invokeSpecial(java.lang.Object, java.lang.Object, java.lang.Object, int, java.lang.Object)'> (0x000000008bcab268) 
thrown [s\src\hotspot\share\interpreter\linkResolver.cpp, line 774]
Event: 37.744 Thread 0x000001ce565ba8e0 Exception <a 'java/lang/NoSuchMethodError'{0x000000008bcb39b8}: 'int java.lang.invoke.DirectMethodHandle$Holder.invokeSpecial(java.lang.Object, java.lang.Object, java.lang.Object, int)'> (0x000000008bcb39b8) 
thrown [s\src\hotspot\share\interpreter\linkResolver.cpp, line 774]
Event: 37.754 Thread 0x000001ce565ba8e0 Implicit null exception at 0x000001ce662ef0af to 0x000001ce662ef20c
Event: 37.762 Thread 0x000001ce565ba8e0 Exception <a 'java/lang/NoSuchMethodError'{0x000000008bcd9d20}: 'java.lang.Object java.lang.invoke.Invokers$Holder.invokeExact_MT(java.lang.Object, int, java.lang.Object)'> (0x000000008bcd9d20) 
thrown [s\src\hotspot\share\interpreter\linkResolver.cpp, line 774]
Event: 45.280 Thread 0x000001ce565ba8e0 Exception <a 'java/lang/NoSuchMethodError'{0x000000008b31cfc8}: 'void java.lang.invoke.Invokers$Holder.invokeExact_MT(java.lang.Object, java.lang.Object, java.lang.Object, java.lang.Object)'> (0x000000008b31cfc8) 
thrown [s\src\hotspot\share\interpreter\linkResolver.cpp, line 774]
Event: 45.757 Thread 0x000001ce565ba8e0 Exception <a 'java/lang/NoClassDefFoundError'{0x000000008b3b45f8}: com/google/inject/servlet/ServletModuleTargetVisitor> (0x000000008b3b45f8) 
thrown [s\src\hotspot\share\classfile\systemDictionary.cpp, line 244]

VM Operations (20 events):
Event: 38.753 Executing VM operation: Cleanup
Event: 38.864 Executing VM operation: Cleanup done
Event: 39.297 Executing VM operation: HandshakeAllThreads
Event: 39.297 Executing VM operation: HandshakeAllThreads done
Event: 39.302 Executing VM operation: HandshakeAllThreads
Event: 39.302 Executing VM operation: HandshakeAllThreads done
Event: 40.319 Executing VM operation: Cleanup
Event: 40.394 Executing VM operation: Cleanup done
Event: 40.844 Executing VM operation: HandshakeAllThreads
Event: 40.844 Executing VM operation: HandshakeAllThreads done
Event: 41.862 Executing VM operation: Cleanup
Event: 41.954 Executing VM operation: Cleanup done
Event: 42.968 Executing VM operation: Cleanup
Event: 43.235 Executing VM operation: Cleanup done
Event: 44.252 Executing VM operation: Cleanup
Event: 44.482 Executing VM operation: Cleanup done
Event: 44.852 Executing VM operation: HandshakeAllThreads
Event: 44.852 Executing VM operation: HandshakeAllThreads done
Event: 45.858 Executing VM operation: Cleanup
Event: 45.874 Executing VM operation: Cleanup done

Events (20 events):
Event: 1.066 Thread 0x000001ce74e76050 Thread added: 0x000001ce74e76050
Event: 1.066 Thread 0x000001ce74e76c40 Thread added: 0x000001ce74e76c40
Event: 1.068 Thread 0x000001ce74e77830 Thread added: 0x000001ce74e77830
Event: 1.068 Thread 0x000001ce74e79170 Thread added: 0x000001ce74e79170
Event: 1.068 Thread 0x000001ce74e79aa0 Thread added: 0x000001ce74e79aa0
Event: 1.068 Thread 0x000001ce74e7a3d0 Thread added: 0x000001ce74e7a3d0
Event: 1.069 Thread 0x000001ce74e7b030 Thread added: 0x000001ce74e7b030
Event: 1.076 Thread 0x000001ce74e7d9b0 Thread added: 0x000001ce74e7d9b0
Event: 1.077 Thread 0x000001ce74e82340 Thread added: 0x000001ce74e82340
Event: 1.258 Thread 0x000001ce7904a7e0 Thread added: 0x000001ce7904a7e0
Event: 1.511 Thread 0x000001ce7908e890 Thread added: 0x000001ce7908e890
Event: 1.691 Thread 0x000001ce7908e890 Thread exited: 0x000001ce7908e890
Event: 1.769 Thread 0x000001ce79211760 Thread added: 0x000001ce79211760
Event: 1.769 Thread 0x000001ce79213cb0 Thread added: 0x000001ce79213cb0
Event: 3.239 Thread 0x000001ce7935b580 Thread added: 0x000001ce7935b580
Event: 3.528 Thread 0x000001ce7935b580 Thread exited: 0x000001ce7935b580
Event: 6.900 Thread 0x000001ce796f4010 Thread added: 0x000001ce796f4010
Event: 7.320 Thread 0x000001ce796f4010 Thread exited: 0x000001ce796f4010
Event: 14.029 Thread 0x000001ce79584a00 Thread added: 0x000001ce79584a00
Event: 14.664 Thread 0x000001ce79584a00 Thread exited: 0x000001ce79584a00


Dynamic libraries:
0x00007ff7e9fb0000 - 0x00007ff7e9fbd000 	C:\Users\vasar\.jdks\corretto-19.0.2\bin\java.exe
0x00007ffb6e4f0000 - 0x00007ffb6e707000 	C:\WINDOWS\SYSTEM32\ntdll.dll
0x00007ffb6df60000 - 0x00007ffb6e024000 	C:\WINDOWS\System32\KERNEL32.DLL
0x00007ffb6bb40000 - 0x00007ffb6bf13000 	C:\WINDOWS\System32\KERNELBASE.dll
0x00007ffb6b660000 - 0x00007ffb6b771000 	C:\WINDOWS\System32\ucrtbase.dll
0x00007ffb60f00000 - 0x00007ffb60f17000 	C:\Users\vasar\.jdks\corretto-19.0.2\bin\jli.dll
0x00007ffb6d0e0000 - 0x00007ffb6d291000 	C:\WINDOWS\System32\USER32.dll
0x00007ffb6ba50000 - 0x00007ffb6ba76000 	C:\WINDOWS\System32\win32u.dll
0x00007ffb6e1d0000 - 0x00007ffb6e1f9000 	C:\WINDOWS\System32\GDI32.dll
0x00007ffb6b780000 - 0x00007ffb6b8a2000 	C:\WINDOWS\System32\gdi32full.dll
0x00007ffb6bf20000 - 0x00007ffb6bfba000 	C:\WINDOWS\System32\msvcp_win.dll
0x00007ffb607f0000 - 0x00007ffb60805000 	C:\Users\vasar\.jdks\corretto-19.0.2\bin\VCRUNTIME140.dll
0x00007ffb52b90000 - 0x00007ffb52e2b000 	C:\WINDOWS\WinSxS\amd64_microsoft.windows.common-controls_6595b64144ccf1df_6.0.22621.5262_none_2712bde373830908\COMCTL32.dll
0x00007ffb6c260000 - 0x00007ffb6c307000 	C:\WINDOWS\System32\msvcrt.dll
0x00007ffb6ccf0000 - 0x00007ffb6cd21000 	C:\WINDOWS\System32\IMM32.DLL
0x00007ffb24470000 - 0x00007ffb2450b000 	C:\Users\vasar\.jdks\corretto-19.0.2\bin\msvcp140.dll
0x00007ffac5180000 - 0x00007ffac5e59000 	C:\Users\vasar\.jdks\corretto-19.0.2\bin\server\jvm.dll
0x00007ffb6d2a0000 - 0x00007ffb6d351000 	C:\WINDOWS\System32\ADVAPI32.dll
0x00007ffb6c1b0000 - 0x00007ffb6c257000 	C:\WINDOWS\System32\sechost.dll
0x00007ffb6b8b0000 - 0x00007ffb6b8d8000 	C:\WINDOWS\System32\bcrypt.dll
0x00007ffb6dc20000 - 0x00007ffb6dd34000 	C:\WINDOWS\System32\RPCRT4.dll
0x00007ffb605c0000 - 0x00007ffb605f4000 	C:\WINDOWS\SYSTEM32\WINMM.dll
0x00007ffb5b2b0000 - 0x00007ffb5b2ba000 	C:\WINDOWS\SYSTEM32\VERSION.dll
0x00007ffb48060000 - 0x00007ffb48069000 	C:\WINDOWS\SYSTEM32\WSOCK32.dll
0x00007ffb6e030000 - 0x00007ffb6e0a1000 	C:\WINDOWS\System32\WS2_32.dll
0x00007ffb6a660000 - 0x00007ffb6a678000 	C:\WINDOWS\SYSTEM32\kernel.appcore.dll
0x00007ffb60ed0000 - 0x00007ffb60eda000 	C:\Users\vasar\.jdks\corretto-19.0.2\bin\jimage.dll
0x00007ffb68fd0000 - 0x00007ffb69202000 	C:\WINDOWS\SYSTEM32\DBGHELP.DLL
0x00007ffb6cd30000 - 0x00007ffb6d0c3000 	C:\WINDOWS\System32\combase.dll
0x00007ffb6c310000 - 0x00007ffb6c3e7000 	C:\WINDOWS\System32\OLEAUT32.dll
0x00007ffb44780000 - 0x00007ffb447b2000 	C:\WINDOWS\SYSTEM32\dbgcore.DLL
0x00007ffb6bfc0000 - 0x00007ffb6c03b000 	C:\WINDOWS\System32\bcryptPrimitives.dll
0x00007ffb57b40000 - 0x00007ffb57b4e000 	C:\Users\vasar\.jdks\corretto-19.0.2\bin\instrument.dll
0x00007ffb57b80000 - 0x00007ffb57ba6000 	C:\Users\vasar\.jdks\corretto-19.0.2\bin\java.dll
0x00007ffb1d7a0000 - 0x00007ffb1d876000 	C:\Users\vasar\.jdks\corretto-19.0.2\bin\jsvml.dll
0x00007ffb6d380000 - 0x00007ffb6dc1d000 	C:\WINDOWS\System32\SHELL32.dll
0x00007ffb6c040000 - 0x00007ffb6c17f000 	C:\WINDOWS\System32\wintypes.dll
0x00007ffb694d0000 - 0x00007ffb69ded000 	C:\WINDOWS\SYSTEM32\windows.storage.dll
0x00007ffb6c760000 - 0x00007ffb6c86b000 	C:\WINDOWS\System32\SHCORE.dll
0x00007ffb6e440000 - 0x00007ffb6e4a6000 	C:\WINDOWS\System32\shlwapi.dll
0x00007ffb6b510000 - 0x00007ffb6b53b000 	C:\WINDOWS\SYSTEM32\profapi.dll
0x00007ffb5cb00000 - 0x00007ffb5cb18000 	C:\Users\vasar\.jdks\corretto-19.0.2\bin\zip.dll
0x00007ffb607b0000 - 0x00007ffb607c3000 	C:\Users\vasar\.jdks\corretto-19.0.2\bin\net.dll
0x00007ffb63090000 - 0x00007ffb631bc000 	C:\WINDOWS\SYSTEM32\WINHTTP.dll
0x00007ffb6ab90000 - 0x00007ffb6abfa000 	C:\WINDOWS\system32\mswsock.dll
0x00007ffb5cd30000 - 0x00007ffb5cd45000 	C:\Users\vasar\.jdks\corretto-19.0.2\bin\nio.dll
0x00007ffb5cdd0000 - 0x00007ffb5cdd8000 	C:\Users\vasar\.jdks\corretto-19.0.2\bin\extnet.dll
0x00007ffb24310000 - 0x00007ffb24334000 	C:\Users\vasar\AppData\Local\Temp\jansi-2.4.1-30036ce86bdad296-jansi.dll
0x00007ffb57c40000 - 0x00007ffb57c50000 	C:\Users\vasar\.jdks\corretto-19.0.2\bin\verify.dll

dbghelp: loaded successfully - version: 4.0.5 - missing functions: none
symbol engine: initialized successfully - sym options: 0x614 - pdb path: .;C:\Users\vasar\.jdks\corretto-19.0.2\bin;C:\WINDOWS\SYSTEM32;C:\WINDOWS\WinSxS\amd64_microsoft.windows.common-controls_6595b64144ccf1df_6.0.22621.5262_none_2712bde373830908;C:\Users\vasar\.jdks\corretto-19.0.2\bin\server;C:\Users\vasar\AppData\Local\Temp

VM Arguments:
jvm_args: -Dmaven.multiModuleProjectDirectory=C:\Users\vasar\sosiska -Djansi.passthrough=true -Dmaven.home=C:\Users\vasar\.m2\wrapper\dists\apache-maven-3.9.9-bin\4nf9hui3q3djbarqar9g711ggc\apache-maven-3.9.9 -Dclassworlds.conf=C:\Users\vasar\.m2\wrapper\dists\apache-maven-3.9.9-bin\4nf9hui3q3djbarqar9g711ggc\apache-maven-3.9.9\bin\m2.conf -Dmaven.ext.class.path=C:\Program Files\JetBrains\IntelliJ IDEA Community Edition 2025.1.2\plugins\maven\lib\maven-event-listener.jar -javaagent:C:\Program Files\JetBrains\IntelliJ IDEA Community Edition 2025.1.2\lib\idea_rt.jar=7344 -Dfile.encoding=UTF-8 -Dsun.stdout.encoding=UTF-8 -Dsun.stderr.encoding=UTF-8 
java_command: org.codehaus.classworlds.Launcher -Didea.version=2025.1.2 deploy
java_class_path (initial): C:\Users\vasar\.m2\wrapper\dists\apache-maven-3.9.9-bin\4nf9hui3q3djbarqar9g711ggc\apache-maven-3.9.9\boot\plexus-classworlds-2.8.0.jar;C:\Users\vasar\.m2\wrapper\dists\apache-maven-3.9.9-bin\4nf9hui3q3djbarqar9g711ggc\apache-maven-3.9.9\boot\plexus-classworlds.license
Launcher Type: SUN_STANDARD

[Global flags]
     intx CICompilerCount                          = 4                                         {product} {ergonomic}
     uint ConcGCThreads                            = 2                                         {product} {ergonomic}
     uint G1ConcRefinementThreads                  = 8                                         {product} {ergonomic}
   size_t G1HeapRegionSize                         = 1048576                                   {product} {ergonomic}
    uintx GCDrainStackTargetSize                   = 64                                        {product} {ergonomic}
   size_t InitialHeapSize                          = 130023424                                 {product} {ergonomic}
   size_t MarkStackSize                            = 4194304                                   {product} {ergonomic}
   size_t MaxHeapSize                              = 2069889024                                {product} {ergonomic}
   size_t MaxNewSize                               = 1241513984                                {product} {ergonomic}
   size_t MinHeapDeltaBytes                        = 1048576                                   {product} {ergonomic}
   size_t MinHeapSize                              = 8388608                                   {product} {ergonomic}
    uintx NonNMethodCodeHeapSize                   = 5839372                                {pd product} {ergonomic}
    uintx NonProfiledCodeHeapSize                  = 122909434                              {pd product} {ergonomic}
    uintx ProfiledCodeHeapSize                     = 122909434                              {pd product} {ergonomic}
    uintx ReservedCodeCacheSize                    = 251658240                              {pd product} {ergonomic}
     bool SegmentedCodeCache                       = true                                      {product} {ergonomic}
   size_t SoftMaxHeapSize                          = 2069889024                             {manageable} {ergonomic}
     bool UseCompressedClassPointers               = true                           {product lp64_product} {ergonomic}
     bool UseCompressedOops                        = true                           {product lp64_product} {ergonomic}
     bool UseG1GC                                  = true                                      {product} {ergonomic}
     bool UseLargePagesIndividualAllocation        = false                                  {pd product} {ergonomic}

Logging:
Log output configuration:
 #0: stdout all=warning uptime,level,tags foldmultilines=false
 #1: stderr all=off uptime,level,tags foldmultilines=false

Environment Variables:
JAVA_HOME=C:\Users\vasar\Downloads\jdk-24.0.1
PATH=C:\Program Files (x86)\Common Files\Oracle\Java\java8path;C:\Program Files (x86)\Common Files\Oracle\Java\javapath;C:\SIMULIA\Commands;C:\Windows\system32;C:\Windows;C:\Windows\System32\Wbem;C:\Windows\System32\WindowsPowerShell\v1.0\;C:\Windows\System32\OpenSSH\;C:\Program Files\Microsoft SQL Server\150\Tools\Binn\;C:\WINDOWS\system32;C:\WINDOWS;C:\WINDOWS\System32\Wbem;C:\WINDOWS\System32\WindowsPowerShell\v1.0\;C:\WINDOWS\System32\OpenSSH\;C:\Program Files (x86)\Microsoft SQL Server\160\Tools\Binn\;C:\Program Files\Microsoft SQL Server\160\Tools\Binn\;C:\Program Files\Microsoft SQL Server\Client SDK\ODBC\170\Tools\Binn\;C:\Program Files\Microsoft SQL Server\160\DTS\Binn\;C:\Program Files (x86)\Microsoft SQL Server\160\DTS\Binn\;C:\Program Files\Azure Data Studio\bin;C:\Program Files\dotnet\;C:\Program Files\PuTTY\;C:\Program Files\nodejs\;C:\Program Files\Git\cmd;C:\Program Files\Docker\Docker\resources\bin;C:\Users\vasar\AppData\Local\Programs\Python\Python312\Scripts\;C:\Users\vasar\AppData\Local\Programs\Python\Python312\;C:\Users\vasar\AppData\Local\Microsoft\WindowsApps;C:\Users\vasar\AppData\Local\Programs\Microsoft VS Code\bin;C:\Program Files\Azure Data Studio\bin;C:\Users\vasar\.dotnet\tools;C:\Users\vasar\AppData\Roaming\npm;C:\Program Files (x86)\Nmap;C:\Users\vasar\Downloads\maven\maven1\bin;
USERNAME=vasar
OS=Windows_NT
PROCESSOR_IDENTIFIER=Intel64 Family 6 Model 140 Stepping 2, GenuineIntel
TMP=C:\Users\vasar\AppData\Local\Temp
TEMP=C:\Users\vasar\AppData\Local\Temp



---------------  S Y S T E M  ---------------

OS:
 Windows 11 , 64 bit Build 22621 (10.0.22621.5262)
OS uptime: 9 days 13:52 hours
Hyper-V role detected

CPU: total 8 (initial active 8) (4 cores per cpu, 2 threads per core) family 6 model 140 stepping 2 microcode 0x16, cx8, cmov, fxsr, ht, mmx, 3dnowpref, sse, sse2, sse3, ssse3, sse4.1, sse4.2, popcnt, lzcnt, tsc, tscinvbit, avx, avx2, aes, erms, clmul, bmi1, bmi2, adx, avx512f, avx512dq, avx512cd, avx512bw, avx512vl, sha, fma, vzeroupper, avx512_vpopcntdq, avx512_vpclmulqdq, avx512_vaes, avx512_vnni, clflush, clflushopt, clwb, avx512_vbmi2, avx512_vbmi, hv, rdtscp, rdpid, fsrm, gfni, avx512_bitalg

Memory: 4k page, system-wide physical 7894M (369M free)
TotalPageFile size 25467M (AvailPageFile size 19M)
current process WorkingSet (physical memory assigned to process): 100M, peak: 100M
current process commit charge ("private bytes"): 232M, peak: 232M

vm_info: OpenJDK 64-Bit Server VM (19.0.2+7-FR) for windows-amd64 JRE (19.0.2+7-FR), built on Jan 13 2023 22:53:32 by "Administrator" with MS VC++ 15.9 (VS2017)

END.
