#
# There is insufficient memory for the Java Runtime Environment to continue.
# Native memory allocation (malloc) failed to allocate 161936 bytes for Chunk::new
# Possible reasons:
#   The system is out of physical RAM or swap space
#   The process is running with CompressedOops enabled, and the Java Heap may be blocking the growth of the native heap
# Possible solutions:
#   Reduce memory load on the system
#   Increase physical memory or swap space
#   Check if swap backing store is full
#   Decrease Java heap size (-Xmx/-Xms)
#   Decrease number of Java threads
#   Decrease Java thread stack sizes (-Xss)
#   Set larger code cache with -XX:ReservedCodeCacheSize=
#   JVM is running with Unscaled Compressed Oops mode in which the Java heap is
#     placed in the first 4GB address space. The Java Heap base address is the
#     maximum limit for the native heap growth. Please use -XX:HeapBaseMinAddress
#     to set the Java Heap base and to place the Java Heap above 4GB virtual address.
# This output file may be truncated or incomplete.
#
#  Out of Memory Error (arena.cpp:184), pid=16484, tid=16304
#
# JRE version: OpenJDK Runtime Environment Corretto-19.0.2.7.1 (19.0.2+7) (build 19.0.2+7-FR)
# Java VM: OpenJDK 64-Bit Server VM Corretto-19.0.2.7.1 (19.0.2+7-FR, mixed mode, sharing, tiered, compressed oops, compressed class ptrs, g1 gc, windows-amd64)
# No core dump will be written. Minidumps are not enabled by default on client versions of Windows
#

---------------  S U M M A R Y ------------

Command Line: -Dmaven.multiModuleProjectDirectory=C:\Users\vasar\sosiska -Djansi.passthrough=true -Dmaven.home=C:\Users\vasar\.m2\wrapper\dists\apache-maven-3.9.9-bin\4nf9hui3q3djbarqar9g711ggc\apache-maven-3.9.9 -Dclassworlds.conf=C:\Users\vasar\.m2\wrapper\dists\apache-maven-3.9.9-bin\4nf9hui3q3djbarqar9g711ggc\apache-maven-3.9.9\bin\m2.conf -Dmaven.ext.class.path=C:\Program Files\JetBrains\IntelliJ IDEA Community Edition 2025.1.2\plugins\maven\lib\maven-event-listener.jar -javaagent:C:\Program Files\JetBrains\IntelliJ IDEA Community Edition 2025.1.2\lib\idea_rt.jar=7333 -Dfile.encoding=UTF-8 -Dsun.stdout.encoding=UTF-8 -Dsun.stderr.encoding=UTF-8 org.codehaus.classworlds.Launcher -Didea.version=2025.1.2 test

Host: 11th Gen Intel(R) Core(TM) i5-1155G7 @ 2.50GHz, 8 cores, 7G,  Windows 11 , 64 bit Build 22621 (10.0.22621.5262)
Time: Tue Jun 17 00:42:48 2025 RTZ 2 (s 11 , 64 bit Build 22621 (10.0.22621.5262) elapsed time: 59.100919 seconds (0d 0h 0m 59s)

---------------  T H R E A D  ---------------

Current thread (0x00000197209ec8c0):  JavaThread "C2 CompilerThread0" daemon [_thread_in_native, id=16304, stack(0x0000005abeb00000,0x0000005abec00000)]


Current CompileTask:
C2:  59101 4073 %     4       java.util.Properties$LineReader::readLine @ 53 (584 bytes)

Stack: [0x0000005abeb00000,0x0000005abec00000]
Native frames: (J=compiled Java code, j=interpreted, Vv=VM code, C=native code)
V  [jvm.dll+0x6d034a]
V  [jvm.dll+0x880f10]
V  [jvm.dll+0x88289e]
V  [jvm.dll+0x882f43]
V  [jvm.dll+0x27b4bb]
V  [jvm.dll+0xdd792]
V  [jvm.dll+0xddb25]
V  [jvm.dll+0x3b4a21]
V  [jvm.dll+0x37c86a]
V  [jvm.dll+0x37bc5a]
V  [jvm.dll+0x2470ef]
V  [jvm.dll+0x2465a7]
V  [jvm.dll+0x1d4bb7]
V  [jvm.dll+0x25558a]
V  [jvm.dll+0x2538d7]
V  [jvm.dll+0x8342bd]
V  [jvm.dll+0x82e2fa]
V  [jvm.dll+0x6cf0d3]
C  [ucrtbase.dll+0x29333]
C  [KERNEL32.DLL+0x1259d]
C  [ntdll.dll+0x5af58]


---------------  P R O C E S S  ---------------

Threads class SMR info:
_java_thread_list=0x0000019724c67440, length=14, elements={
0x000001970212a3f0, 0x00000197209e6e60, 0x00000197209e7790, 0x00000197209e80c0,
0x00000197209e89f0, 0x00000197209e9320, 0x00000197209e9c50, 0x00000197209ec8c0,
0x00000197209f3a00, 0x00000197209f4370, 0x0000019724c52710, 0x0000019724db65c0,
0x0000019724db6b00, 0x000001972572e830
}

Java Threads: ( => current thread )
  0x000001970212a3f0 JavaThread "main" [_thread_in_native, id=18276, stack(0x0000005abde00000,0x0000005abdf00000)]
  0x00000197209e6e60 JavaThread "Reference Handler" daemon [_thread_blocked, id=7400, stack(0x0000005abe500000,0x0000005abe600000)]
  0x00000197209e7790 JavaThread "Finalizer" daemon [_thread_blocked, id=15104, stack(0x0000005abe600000,0x0000005abe700000)]
  0x00000197209e80c0 JavaThread "Signal Dispatcher" daemon [_thread_blocked, id=20340, stack(0x0000005abe700000,0x0000005abe800000)]
  0x00000197209e89f0 JavaThread "Attach Listener" daemon [_thread_blocked, id=20436, stack(0x0000005abe800000,0x0000005abe900000)]
  0x00000197209e9320 JavaThread "Service Thread" daemon [_thread_blocked, id=8060, stack(0x0000005abe900000,0x0000005abea00000)]
  0x00000197209e9c50 JavaThread "Monitor Deflation Thread" daemon [_thread_blocked, id=17724, stack(0x0000005abea00000,0x0000005abeb00000)]
=>0x00000197209ec8c0 JavaThread "C2 CompilerThread0" daemon [_thread_in_native, id=16304, stack(0x0000005abeb00000,0x0000005abec00000)]
  0x00000197209f3a00 JavaThread "C1 CompilerThread0" daemon [_thread_blocked, id=5164, stack(0x0000005abec00000,0x0000005abed00000)]
  0x00000197209f4370 JavaThread "Sweeper thread" daemon [_thread_blocked, id=12324, stack(0x0000005abed00000,0x0000005abee00000)]
  0x0000019724c52710 JavaThread "Common-Cleaner" daemon [_thread_blocked, id=17836, stack(0x0000005abee00000,0x0000005abef00000)]
  0x0000019724db65c0 JavaThread "Monitor Ctrl-Break" daemon [_thread_in_native, id=11524, stack(0x0000005abef00000,0x0000005abf000000)]
  0x0000019724db6b00 JavaThread "Notification Thread" daemon [_thread_blocked, id=7548, stack(0x0000005abf000000,0x0000005abf100000)]
  0x000001972572e830 JavaThread "Thread-1" daemon [_thread_blocked, id=15940, stack(0x0000005abf200000,0x0000005abf300000)]

Other Threads:
  0x00000197209caaa0 VMThread "VM Thread" [stack: 0x0000005abe400000,0x0000005abe500000] [id=8600]
  0x0000019724db7040 WatcherThread "VM Periodic Task Thread" [stack: 0x0000005abf100000,0x0000005abf200000] [id=12688]
  0x0000019702189610 WorkerThread "GC Thread#0" [stack: 0x0000005abdf00000,0x0000005abe000000] [id=3988]
  0x0000019724f58110 WorkerThread "GC Thread#1" [stack: 0x0000005abf300000,0x0000005abf400000] [id=18132]
  0x000001972598d2c0 WorkerThread "GC Thread#2" [stack: 0x0000005abf400000,0x0000005abf500000] [id=6832]
  0x0000019725976ad0 WorkerThread "GC Thread#3" [stack: 0x0000005abf500000,0x0000005abf600000] [id=16092]
  0x00000197259759f0 WorkerThread "GC Thread#4" [stack: 0x0000005abf600000,0x0000005abf700000] [id=4084]
  0x0000019725975450 WorkerThread "GC Thread#5" [stack: 0x0000005abf700000,0x0000005abf800000] [id=9332]
  0x0000019725976da0 WorkerThread "GC Thread#6" [stack: 0x0000005abf800000,0x0000005abf900000] [id=11776]
  0x0000019725975f90 WorkerThread "GC Thread#7" [stack: 0x0000005abf900000,0x0000005abfa00000] [id=14532]
  0x000001970219ab50 ConcurrentGCThread "G1 Main Marker" [stack: 0x0000005abe000000,0x0000005abe100000] [id=9276]
  0x000001970219b490 WorkerThread "G1 Conc#0" [stack: 0x0000005abe100000,0x0000005abe200000] [id=2676]
  0x00000197021eea20 ConcurrentGCThread "G1 Refine#0" [stack: 0x0000005abe200000,0x0000005abe300000] [id=1084]
  0x0000019720880530 ConcurrentGCThread "G1 Service" [stack: 0x0000005abe300000,0x0000005abe400000] [id=19820]

Threads with active compile tasks:
C2 CompilerThread0    59134 4073 %     4       java.util.Properties$LineReader::readLine @ 53 (584 bytes)

VM state: not at safepoint (normal execution)

VM Mutex/Monitor currently owned by a thread: None

Heap address: 0x0000000084a00000, size: 1974 MB, Compressed Oops mode: 32-bit

CDS archive(s) mapped at: [0x0000000800000000-0x0000000800c40000-0x0000000800c40000), size 12845056, SharedBaseAddress: 0x0000000800000000, ArchiveRelocationMode: 0.
Compressed class space mapped at: 0x0000000801000000-0x0000000841000000, reserved size: 1073741824
Narrow klass base: 0x0000000800000000, Narrow klass shift: 0, Narrow klass range: 0x100000000

GC Precious Log:
 CardTable entry size: 512
 Card Set container configuration: InlinePtr #cards 5 size 8 Array Of Cards #cards 12 size 40 Howl #buckets 4 coarsen threshold 1843 Howl Bitmap #cards 512 size 80 coarsen threshold 460 Card regions per heap region 1 cards per card region 2048
 CPUs: 8 total, 8 available
 Memory: 7894M
 Large Page Support: Disabled
 NUMA Support: Disabled
 Compressed Oops: Enabled (32-bit)
 Heap Region Size: 1M
 Heap Min Capacity: 8M
 Heap Initial Capacity: 124M
 Heap Max Capacity: 1974M
 Pre-touch: Disabled
 Parallel Workers: 8
 Concurrent Workers: 2
 Concurrent Refinement Workers: 8
 Periodic GC: Disabled

Heap:
 garbage-first heap   total 126976K, used 20696K [0x0000000084a00000, 0x0000000100000000)
  region size 1024K, 18 young (18432K), 10 survivors (10240K)
 Metaspace       used 16558K, committed 16896K, reserved 1114112K
  class space    used 1875K, committed 2048K, reserved 1048576K

Heap Regions: E=young(eden), S=young(survivor), O=old, HS=humongous(starts), HC=humongous(continues), CS=collection set, F=free, OA=open archive, CA=closed archive, TAMS=top-at-mark-start (previous, next)
|   0|0x0000000084a00000, 0x0000000084b00000, 0x0000000084b00000|100%| O|  |TAMS 0x0000000084a00000, 0x0000000084a00000| Untracked 
|   1|0x0000000084b00000, 0x0000000084c00000, 0x0000000084c00000|100%| O|  |TAMS 0x0000000084b00000, 0x0000000084b00000| Untracked 
|   2|0x0000000084c00000, 0x0000000084d00000, 0x0000000084d00000|100%| O|  |TAMS 0x0000000084c00000, 0x0000000084c00000| Untracked 
|   3|0x0000000084d00000, 0x0000000084db7000, 0x0000000084e00000| 71%| O|  |TAMS 0x0000000084d00000, 0x0000000084d00000| Untracked 
|   4|0x0000000084e00000, 0x0000000084e00000, 0x0000000084f00000|  0%| F|  |TAMS 0x0000000084e00000, 0x0000000084e00000| Untracked 
|   5|0x0000000084f00000, 0x0000000084f00000, 0x0000000085000000|  0%| F|  |TAMS 0x0000000084f00000, 0x0000000084f00000| Untracked 
|   6|0x0000000085000000, 0x0000000085000000, 0x0000000085100000|  0%| F|  |TAMS 0x0000000085000000, 0x0000000085000000| Untracked 
|   7|0x0000000085100000, 0x0000000085100000, 0x0000000085200000|  0%| F|  |TAMS 0x0000000085100000, 0x0000000085100000| Untracked 
|   8|0x0000000085200000, 0x0000000085200000, 0x0000000085300000|  0%| F|  |TAMS 0x0000000085200000, 0x0000000085200000| Untracked 
|   9|0x0000000085300000, 0x0000000085300000, 0x0000000085400000|  0%| F|  |TAMS 0x0000000085300000, 0x0000000085300000| Untracked 
|  10|0x0000000085400000, 0x0000000085400000, 0x0000000085500000|  0%| F|  |TAMS 0x0000000085400000, 0x0000000085400000| Untracked 
|  11|0x0000000085500000, 0x0000000085500000, 0x0000000085600000|  0%| F|  |TAMS 0x0000000085500000, 0x0000000085500000| Untracked 
|  12|0x0000000085600000, 0x0000000085600000, 0x0000000085700000|  0%| F|  |TAMS 0x0000000085600000, 0x0000000085600000| Untracked 
|  13|0x0000000085700000, 0x0000000085700000, 0x0000000085800000|  0%| F|  |TAMS 0x0000000085700000, 0x0000000085700000| Untracked 
|  14|0x0000000085800000, 0x0000000085800000, 0x0000000085900000|  0%| F|  |TAMS 0x0000000085800000, 0x0000000085800000| Untracked 
|  15|0x0000000085900000, 0x0000000085900000, 0x0000000085a00000|  0%| F|  |TAMS 0x0000000085900000, 0x0000000085900000| Untracked 
|  16|0x0000000085a00000, 0x0000000085a00000, 0x0000000085b00000|  0%| F|  |TAMS 0x0000000085a00000, 0x0000000085a00000| Untracked 
|  17|0x0000000085b00000, 0x0000000085b00000, 0x0000000085c00000|  0%| F|  |TAMS 0x0000000085b00000, 0x0000000085b00000| Untracked 
|  18|0x0000000085c00000, 0x0000000085c00000, 0x0000000085d00000|  0%| F|  |TAMS 0x0000000085c00000, 0x0000000085c00000| Untracked 
|  19|0x0000000085d00000, 0x0000000085d00000, 0x0000000085e00000|  0%| F|  |TAMS 0x0000000085d00000, 0x0000000085d00000| Untracked 
|  20|0x0000000085e00000, 0x0000000085e00000, 0x0000000085f00000|  0%| F|  |TAMS 0x0000000085e00000, 0x0000000085e00000| Untracked 
|  21|0x0000000085f00000, 0x0000000085f00000, 0x0000000086000000|  0%| F|  |TAMS 0x0000000085f00000, 0x0000000085f00000| Untracked 
|  22|0x0000000086000000, 0x0000000086000000, 0x0000000086100000|  0%| F|  |TAMS 0x0000000086000000, 0x0000000086000000| Untracked 
|  23|0x0000000086100000, 0x0000000086100000, 0x0000000086200000|  0%| F|  |TAMS 0x0000000086100000, 0x0000000086100000| Untracked 
|  24|0x0000000086200000, 0x0000000086200000, 0x0000000086300000|  0%| F|  |TAMS 0x0000000086200000, 0x0000000086200000| Untracked 
|  25|0x0000000086300000, 0x0000000086300000, 0x0000000086400000|  0%| F|  |TAMS 0x0000000086300000, 0x0000000086300000| Untracked 
|  26|0x0000000086400000, 0x0000000086400000, 0x0000000086500000|  0%| F|  |TAMS 0x0000000086400000, 0x0000000086400000| Untracked 
|  27|0x0000000086500000, 0x0000000086500000, 0x0000000086600000|  0%| F|  |TAMS 0x0000000086500000, 0x0000000086500000| Untracked 
|  28|0x0000000086600000, 0x0000000086600000, 0x0000000086700000|  0%| F|  |TAMS 0x0000000086600000, 0x0000000086600000| Untracked 
|  29|0x0000000086700000, 0x0000000086700000, 0x0000000086800000|  0%| F|  |TAMS 0x0000000086700000, 0x0000000086700000| Untracked 
|  30|0x0000000086800000, 0x0000000086800000, 0x0000000086900000|  0%| F|  |TAMS 0x0000000086800000, 0x0000000086800000| Untracked 
|  31|0x0000000086900000, 0x0000000086900000, 0x0000000086a00000|  0%| F|  |TAMS 0x0000000086900000, 0x0000000086900000| Untracked 
|  32|0x0000000086a00000, 0x0000000086a00000, 0x0000000086b00000|  0%| F|  |TAMS 0x0000000086a00000, 0x0000000086a00000| Untracked 
|  33|0x0000000086b00000, 0x0000000086b00000, 0x0000000086c00000|  0%| F|  |TAMS 0x0000000086b00000, 0x0000000086b00000| Untracked 
|  34|0x0000000086c00000, 0x0000000086c00000, 0x0000000086d00000|  0%| F|  |TAMS 0x0000000086c00000, 0x0000000086c00000| Untracked 
|  35|0x0000000086d00000, 0x0000000086d00000, 0x0000000086e00000|  0%| F|  |TAMS 0x0000000086d00000, 0x0000000086d00000| Untracked 
|  36|0x0000000086e00000, 0x0000000086e00000, 0x0000000086f00000|  0%| F|  |TAMS 0x0000000086e00000, 0x0000000086e00000| Untracked 
|  37|0x0000000086f00000, 0x0000000086f00000, 0x0000000087000000|  0%| F|  |TAMS 0x0000000086f00000, 0x0000000086f00000| Untracked 
|  38|0x0000000087000000, 0x0000000087000000, 0x0000000087100000|  0%| F|  |TAMS 0x0000000087000000, 0x0000000087000000| Untracked 
|  39|0x0000000087100000, 0x0000000087100000, 0x0000000087200000|  0%| F|  |TAMS 0x0000000087100000, 0x0000000087100000| Untracked 
|  40|0x0000000087200000, 0x000000008727f388, 0x0000000087300000| 49%| S|CS|TAMS 0x0000000087200000, 0x0000000087200000| Complete 
|  41|0x0000000087300000, 0x0000000087400000, 0x0000000087400000|100%| S|CS|TAMS 0x0000000087300000, 0x0000000087300000| Complete 
|  42|0x0000000087400000, 0x0000000087500000, 0x0000000087500000|100%| S|CS|TAMS 0x0000000087400000, 0x0000000087400000| Complete 
|  43|0x0000000087500000, 0x0000000087600000, 0x0000000087600000|100%| S|CS|TAMS 0x0000000087500000, 0x0000000087500000| Complete 
|  44|0x0000000087600000, 0x0000000087700000, 0x0000000087700000|100%| S|CS|TAMS 0x0000000087600000, 0x0000000087600000| Complete 
|  45|0x0000000087700000, 0x0000000087800000, 0x0000000087800000|100%| S|CS|TAMS 0x0000000087700000, 0x0000000087700000| Complete 
|  46|0x0000000087800000, 0x0000000087900000, 0x0000000087900000|100%| S|CS|TAMS 0x0000000087800000, 0x0000000087800000| Complete 
|  47|0x0000000087900000, 0x0000000087a00000, 0x0000000087a00000|100%| S|CS|TAMS 0x0000000087900000, 0x0000000087900000| Complete 
|  48|0x0000000087a00000, 0x0000000087b00000, 0x0000000087b00000|100%| S|CS|TAMS 0x0000000087a00000, 0x0000000087a00000| Complete 
|  49|0x0000000087b00000, 0x0000000087c00000, 0x0000000087c00000|100%| S|CS|TAMS 0x0000000087b00000, 0x0000000087b00000| Complete 
|  50|0x0000000087c00000, 0x0000000087c00000, 0x0000000087d00000|  0%| F|  |TAMS 0x0000000087c00000, 0x0000000087c00000| Untracked 
|  51|0x0000000087d00000, 0x0000000087d00000, 0x0000000087e00000|  0%| F|  |TAMS 0x0000000087d00000, 0x0000000087d00000| Untracked 
|  52|0x0000000087e00000, 0x0000000087e00000, 0x0000000087f00000|  0%| F|  |TAMS 0x0000000087e00000, 0x0000000087e00000| Untracked 
|  53|0x0000000087f00000, 0x0000000087f00000, 0x0000000088000000|  0%| F|  |TAMS 0x0000000087f00000, 0x0000000087f00000| Untracked 
|  54|0x0000000088000000, 0x0000000088000000, 0x0000000088100000|  0%| F|  |TAMS 0x0000000088000000, 0x0000000088000000| Untracked 
|  55|0x0000000088100000, 0x0000000088100000, 0x0000000088200000|  0%| F|  |TAMS 0x0000000088100000, 0x0000000088100000| Untracked 
|  56|0x0000000088200000, 0x0000000088200000, 0x0000000088300000|  0%| F|  |TAMS 0x0000000088200000, 0x0000000088200000| Untracked 
|  57|0x0000000088300000, 0x0000000088300000, 0x0000000088400000|  0%| F|  |TAMS 0x0000000088300000, 0x0000000088300000| Untracked 
|  58|0x0000000088400000, 0x0000000088400000, 0x0000000088500000|  0%| F|  |TAMS 0x0000000088400000, 0x0000000088400000| Untracked 
|  59|0x0000000088500000, 0x0000000088500000, 0x0000000088600000|  0%| F|  |TAMS 0x0000000088500000, 0x0000000088500000| Untracked 
|  60|0x0000000088600000, 0x0000000088600000, 0x0000000088700000|  0%| F|  |TAMS 0x0000000088600000, 0x0000000088600000| Untracked 
|  61|0x0000000088700000, 0x0000000088700000, 0x0000000088800000|  0%| F|  |TAMS 0x0000000088700000, 0x0000000088700000| Untracked 
|  62|0x0000000088800000, 0x0000000088800000, 0x0000000088900000|  0%| F|  |TAMS 0x0000000088800000, 0x0000000088800000| Untracked 
|  63|0x0000000088900000, 0x0000000088900000, 0x0000000088a00000|  0%| F|  |TAMS 0x0000000088900000, 0x0000000088900000| Untracked 
|  64|0x0000000088a00000, 0x0000000088a00000, 0x0000000088b00000|  0%| F|  |TAMS 0x0000000088a00000, 0x0000000088a00000| Untracked 
|  65|0x0000000088b00000, 0x0000000088b00000, 0x0000000088c00000|  0%| F|  |TAMS 0x0000000088b00000, 0x0000000088b00000| Untracked 
|  66|0x0000000088c00000, 0x0000000088c00000, 0x0000000088d00000|  0%| F|  |TAMS 0x0000000088c00000, 0x0000000088c00000| Untracked 
|  67|0x0000000088d00000, 0x0000000088d00000, 0x0000000088e00000|  0%| F|  |TAMS 0x0000000088d00000, 0x0000000088d00000| Untracked 
|  68|0x0000000088e00000, 0x0000000088e00000, 0x0000000088f00000|  0%| F|  |TAMS 0x0000000088e00000, 0x0000000088e00000| Untracked 
|  69|0x0000000088f00000, 0x0000000088f00000, 0x0000000089000000|  0%| F|  |TAMS 0x0000000088f00000, 0x0000000088f00000| Untracked 
|  70|0x0000000089000000, 0x0000000089000000, 0x0000000089100000|  0%| F|  |TAMS 0x0000000089000000, 0x0000000089000000| Untracked 
|  71|0x0000000089100000, 0x0000000089100000, 0x0000000089200000|  0%| F|  |TAMS 0x0000000089100000, 0x0000000089100000| Untracked 
|  72|0x0000000089200000, 0x0000000089200000, 0x0000000089300000|  0%| F|  |TAMS 0x0000000089200000, 0x0000000089200000| Untracked 
|  73|0x0000000089300000, 0x0000000089300000, 0x0000000089400000|  0%| F|  |TAMS 0x0000000089300000, 0x0000000089300000| Untracked 
|  74|0x0000000089400000, 0x0000000089400000, 0x0000000089500000|  0%| F|  |TAMS 0x0000000089400000, 0x0000000089400000| Untracked 
|  75|0x0000000089500000, 0x0000000089500000, 0x0000000089600000|  0%| F|  |TAMS 0x0000000089500000, 0x0000000089500000| Untracked 
|  76|0x0000000089600000, 0x0000000089600000, 0x0000000089700000|  0%| F|  |TAMS 0x0000000089600000, 0x0000000089600000| Untracked 
|  77|0x0000000089700000, 0x0000000089700000, 0x0000000089800000|  0%| F|  |TAMS 0x0000000089700000, 0x0000000089700000| Untracked 
|  78|0x0000000089800000, 0x0000000089800000, 0x0000000089900000|  0%| F|  |TAMS 0x0000000089800000, 0x0000000089800000| Untracked 
|  79|0x0000000089900000, 0x0000000089900000, 0x0000000089a00000|  0%| F|  |TAMS 0x0000000089900000, 0x0000000089900000| Untracked 
|  80|0x0000000089a00000, 0x0000000089a00000, 0x0000000089b00000|  0%| F|  |TAMS 0x0000000089a00000, 0x0000000089a00000| Untracked 
|  81|0x0000000089b00000, 0x0000000089b00000, 0x0000000089c00000|  0%| F|  |TAMS 0x0000000089b00000, 0x0000000089b00000| Untracked 
|  82|0x0000000089c00000, 0x0000000089c00000, 0x0000000089d00000|  0%| F|  |TAMS 0x0000000089c00000, 0x0000000089c00000| Untracked 
|  83|0x0000000089d00000, 0x0000000089d00000, 0x0000000089e00000|  0%| F|  |TAMS 0x0000000089d00000, 0x0000000089d00000| Untracked 
|  84|0x0000000089e00000, 0x0000000089e00000, 0x0000000089f00000|  0%| F|  |TAMS 0x0000000089e00000, 0x0000000089e00000| Untracked 
|  85|0x0000000089f00000, 0x0000000089f00000, 0x000000008a000000|  0%| F|  |TAMS 0x0000000089f00000, 0x0000000089f00000| Untracked 
|  86|0x000000008a000000, 0x000000008a000000, 0x000000008a100000|  0%| F|  |TAMS 0x000000008a000000, 0x000000008a000000| Untracked 
|  87|0x000000008a100000, 0x000000008a100000, 0x000000008a200000|  0%| F|  |TAMS 0x000000008a100000, 0x000000008a100000| Untracked 
|  88|0x000000008a200000, 0x000000008a200000, 0x000000008a300000|  0%| F|  |TAMS 0x000000008a200000, 0x000000008a200000| Untracked 
|  89|0x000000008a300000, 0x000000008a300000, 0x000000008a400000|  0%| F|  |TAMS 0x000000008a300000, 0x000000008a300000| Untracked 
|  90|0x000000008a400000, 0x000000008a400000, 0x000000008a500000|  0%| F|  |TAMS 0x000000008a400000, 0x000000008a400000| Untracked 
|  91|0x000000008a500000, 0x000000008a500000, 0x000000008a600000|  0%| F|  |TAMS 0x000000008a500000, 0x000000008a500000| Untracked 
|  92|0x000000008a600000, 0x000000008a600000, 0x000000008a700000|  0%| F|  |TAMS 0x000000008a600000, 0x000000008a600000| Untracked 
|  93|0x000000008a700000, 0x000000008a700000, 0x000000008a800000|  0%| F|  |TAMS 0x000000008a700000, 0x000000008a700000| Untracked 
|  94|0x000000008a800000, 0x000000008a800000, 0x000000008a900000|  0%| F|  |TAMS 0x000000008a800000, 0x000000008a800000| Untracked 
|  95|0x000000008a900000, 0x000000008a900000, 0x000000008aa00000|  0%| F|  |TAMS 0x000000008a900000, 0x000000008a900000| Untracked 
|  96|0x000000008aa00000, 0x000000008aa00000, 0x000000008ab00000|  0%| F|  |TAMS 0x000000008aa00000, 0x000000008aa00000| Untracked 
|  97|0x000000008ab00000, 0x000000008ab00000, 0x000000008ac00000|  0%| F|  |TAMS 0x000000008ab00000, 0x000000008ab00000| Untracked 
|  98|0x000000008ac00000, 0x000000008ac00000, 0x000000008ad00000|  0%| F|  |TAMS 0x000000008ac00000, 0x000000008ac00000| Untracked 
|  99|0x000000008ad00000, 0x000000008ad00000, 0x000000008ae00000|  0%| F|  |TAMS 0x000000008ad00000, 0x000000008ad00000| Untracked 
| 100|0x000000008ae00000, 0x000000008ae00000, 0x000000008af00000|  0%| F|  |TAMS 0x000000008ae00000, 0x000000008ae00000| Untracked 
| 101|0x000000008af00000, 0x000000008af00000, 0x000000008b000000|  0%| F|  |TAMS 0x000000008af00000, 0x000000008af00000| Untracked 
| 102|0x000000008b000000, 0x000000008b000000, 0x000000008b100000|  0%| F|  |TAMS 0x000000008b000000, 0x000000008b000000| Untracked 
| 103|0x000000008b100000, 0x000000008b100000, 0x000000008b200000|  0%| F|  |TAMS 0x000000008b100000, 0x000000008b100000| Untracked 
| 104|0x000000008b200000, 0x000000008b200000, 0x000000008b300000|  0%| F|  |TAMS 0x000000008b200000, 0x000000008b200000| Untracked 
| 105|0x000000008b300000, 0x000000008b300000, 0x000000008b400000|  0%| F|  |TAMS 0x000000008b300000, 0x000000008b300000| Untracked 
| 106|0x000000008b400000, 0x000000008b400000, 0x000000008b500000|  0%| F|  |TAMS 0x000000008b400000, 0x000000008b400000| Untracked 
| 107|0x000000008b500000, 0x000000008b500000, 0x000000008b600000|  0%| F|  |TAMS 0x000000008b500000, 0x000000008b500000| Untracked 
| 108|0x000000008b600000, 0x000000008b600000, 0x000000008b700000|  0%| F|  |TAMS 0x000000008b600000, 0x000000008b600000| Untracked 
| 109|0x000000008b700000, 0x000000008b700000, 0x000000008b800000|  0%| F|  |TAMS 0x000000008b700000, 0x000000008b700000| Untracked 
| 110|0x000000008b800000, 0x000000008b800000, 0x000000008b900000|  0%| F|  |TAMS 0x000000008b800000, 0x000000008b800000| Untracked 
| 111|0x000000008b900000, 0x000000008b900000, 0x000000008ba00000|  0%| F|  |TAMS 0x000000008b900000, 0x000000008b900000| Untracked 
| 112|0x000000008ba00000, 0x000000008ba00000, 0x000000008bb00000|  0%| F|  |TAMS 0x000000008ba00000, 0x000000008ba00000| Untracked 
| 113|0x000000008bb00000, 0x000000008bb00000, 0x000000008bc00000|  0%| F|  |TAMS 0x000000008bb00000, 0x000000008bb00000| Untracked 
| 114|0x000000008bc00000, 0x000000008bc00000, 0x000000008bd00000|  0%| F|  |TAMS 0x000000008bc00000, 0x000000008bc00000| Untracked 
| 115|0x000000008bd00000, 0x000000008bd00000, 0x000000008be00000|  0%| F|  |TAMS 0x000000008bd00000, 0x000000008bd00000| Untracked 
| 116|0x000000008be00000, 0x000000008be80800, 0x000000008bf00000| 50%| E|  |TAMS 0x000000008be00000, 0x000000008be00000| Complete 
| 117|0x000000008bf00000, 0x000000008c000000, 0x000000008c000000|100%| E|CS|TAMS 0x000000008bf00000, 0x000000008bf00000| Complete 
| 118|0x000000008c000000, 0x000000008c100000, 0x000000008c100000|100%| E|CS|TAMS 0x000000008c000000, 0x000000008c000000| Complete 
| 119|0x000000008c100000, 0x000000008c200000, 0x000000008c200000|100%| E|CS|TAMS 0x000000008c100000, 0x000000008c100000| Complete 
| 120|0x000000008c200000, 0x000000008c300000, 0x000000008c300000|100%| E|CS|TAMS 0x000000008c200000, 0x000000008c200000| Complete 
| 121|0x000000008c300000, 0x000000008c400000, 0x000000008c400000|100%| E|CS|TAMS 0x000000008c300000, 0x000000008c300000| Complete 
| 122|0x000000008c400000, 0x000000008c500000, 0x000000008c500000|100%| E|CS|TAMS 0x000000008c400000, 0x000000008c400000| Complete 
| 123|0x000000008c500000, 0x000000008c600000, 0x000000008c600000|100%| E|CS|TAMS 0x000000008c500000, 0x000000008c500000| Complete 

Card table byte_map: [0x0000019719a30000,0x0000019719e10000] _byte_map_base: 0x000001971960b000

Marking Bits (Prev, Next): (CMBitMap*) 0x0000019702189b50, (CMBitMap*) 0x0000019702189b90
 Prev Bits: [0x000001971a1f0000, 0x000001971c0c8000)
 Next Bits: [0x000001971c0d0000, 0x000001971dfa8000)

Polling page: 0x0000019700070000

Metaspace:

Usage:
  Non-class:     14.34 MB used.
      Class:      1.83 MB used.
       Both:     16.17 MB used.

Virtual space:
  Non-class space:       64.00 MB reserved,      14.50 MB ( 23%) committed,  1 nodes.
      Class space:        1.00 GB reserved,       2.00 MB ( <1%) committed,  1 nodes.
             Both:        1.06 GB reserved,      16.50 MB (  2%) committed. 

Chunk freelists:
   Non-Class:  1.47 MB
       Class:  2.05 MB
        Both:  3.51 MB

MaxMetaspaceSize: unlimited
CompressedClassSpaceSize: 1.00 GB
Initial GC threshold: 21.00 MB
Current GC threshold: 21.00 MB
CDS: on
MetaspaceReclaimPolicy: balanced
 - commit_granule_bytes: 65536.
 - commit_granule_words: 8192.
 - virtual_space_node_default_size: 8388608.
 - enlarge_chunks_in_place: 1.
 - new_chunks_are_fully_committed: 0.
 - uncommit_free_chunks: 1.
 - use_allocation_guard: 0.


Internal statistics:

num_allocs_failed_limit: 0.
num_arena_births: 180.
num_arena_deaths: 0.
num_vsnodes_births: 2.
num_vsnodes_deaths: 0.
num_space_committed: 264.
num_space_uncommitted: 0.
num_chunks_returned_to_freelist: 0.
num_chunks_taken_from_freelist: 751.
num_chunk_merges: 0.
num_chunk_splits: 515.
num_chunks_enlarged: 406.
num_inconsistent_stats: 0.

CodeHeap 'non-profiled nmethods': size=120000Kb used=1936Kb max_used=1936Kb free=118064Kb
 bounds [0x0000019711de0000, 0x0000019712050000, 0x0000019719310000]
CodeHeap 'profiled nmethods': size=120000Kb used=8313Kb max_used=8313Kb free=111686Kb
 bounds [0x000001970a310000, 0x000001970ab30000, 0x0000019711840000]
CodeHeap 'non-nmethods': size=5760Kb used=1289Kb max_used=1333Kb free=4470Kb
 bounds [0x0000019711840000, 0x0000019711ab0000, 0x0000019711de0000]
 total_blobs=4543 nmethods=4056 adapters=397
 compilation: enabled
              stopped_count=0, restarted_count=0
 full_count=0

Compilation events (20 events):
Event: 58.722 Thread 0x00000197209f3a00 nmethod 4063 0x0000019711fc2b10 code [0x0000019711fc2ca0, 0x0000019711fc2d58]
Event: 58.722 Thread 0x00000197209f3a00 4064       1       java.nio.channels.FileLock::position (5 bytes)
Event: 58.722 Thread 0x00000197209f3a00 nmethod 4064 0x0000019711fc2e10 code [0x0000019711fc2fa0, 0x0000019711fc3058]
Event: 58.722 Thread 0x00000197209f3a00 4065       1       java.nio.channels.FileLock::size (5 bytes)
Event: 58.723 Thread 0x00000197209f3a00 nmethod 4065 0x0000019711fc3110 code [0x0000019711fc32a0, 0x0000019711fc3358]
Event: 58.723 Thread 0x00000197209f3a00 4066       1       org.eclipse.aether.repository.LocalArtifactRequest::getContext (5 bytes)
Event: 58.723 Thread 0x00000197209f3a00 nmethod 4066 0x0000019711fc3410 code [0x0000019711fc35a0, 0x0000019711fc3658]
Event: 58.723 Thread 0x00000197209f3a00 4067       1       org.eclipse.aether.repository.LocalArtifactRequest::getRepositories (5 bytes)
Event: 58.723 Thread 0x00000197209f3a00 nmethod 4067 0x0000019711fc3710 code [0x0000019711fc38a0, 0x0000019711fc3958]
Event: 58.723 Thread 0x00000197209f3a00 4068       1       org.eclipse.aether.resolution.ArtifactResult::setLocalArtifactResult (6 bytes)
Event: 58.723 Thread 0x00000197209f3a00 nmethod 4068 0x0000019711fc3a10 code [0x0000019711fc3ba0, 0x0000019711fc3cb8]
Event: 58.723 Thread 0x00000197209f3a00 4069       1       org.eclipse.aether.repository.LocalArtifactResult::getFile (5 bytes)
Event: 58.723 Thread 0x00000197209f3a00 nmethod 4069 0x0000019711fc3d10 code [0x0000019711fc3ea0, 0x0000019711fc3f58]
Event: 58.724 Thread 0x00000197209f3a00 4070       3       org.eclipse.aether.RepositoryEvent$Builder::<init> (38 bytes)
Event: 58.725 Thread 0x00000197209f3a00 nmethod 4070 0x000001970ab2d490 code [0x000001970ab2d6a0, 0x000001970ab2dd78]
Event: 58.725 Thread 0x00000197209f3a00 4071       3       org.eclipse.aether.RepositoryEvent$Builder::setTrace (7 bytes)
Event: 58.725 Thread 0x00000197209f3a00 nmethod 4071 0x000001970ab2df90 code [0x000001970ab2e120, 0x000001970ab2e278]
Event: 58.725 Thread 0x00000197209f3a00 4072       3       org.eclipse.aether.RepositoryEvent$Builder::setArtifact (7 bytes)
Event: 58.725 Thread 0x00000197209f3a00 nmethod 4072 0x000001970ab2e310 code [0x000001970ab2e4a0, 0x000001970ab2e5f8]
Event: 59.077 Thread 0x00000197209ec8c0 4073 %     4       java.util.Properties$LineReader::readLine @ 53 (584 bytes)

GC Heap History (6 events):
Event: 11.203 GC heap before
{Heap before GC invocations=0 (full 0):
 garbage-first heap   total 126976K, used 23552K [0x0000000084a00000, 0x0000000100000000)
  region size 1024K, 23 young (23552K), 0 survivors (0K)
 Metaspace       used 5993K, committed 6208K, reserved 1114112K
  class space    used 679K, committed 768K, reserved 1048576K
}
Event: 11.375 GC heap after
{Heap after GC invocations=1 (full 0):
 garbage-first heap   total 126976K, used 3704K [0x0000000084a00000, 0x0000000100000000)
  region size 1024K, 3 young (3072K), 3 survivors (3072K)
 Metaspace       used 5993K, committed 6208K, reserved 1114112K
  class space    used 679K, committed 768K, reserved 1048576K
}
Event: 18.761 GC heap before
{Heap before GC invocations=1 (full 0):
 garbage-first heap   total 126976K, used 32376K [0x0000000084a00000, 0x0000000100000000)
  region size 1024K, 31 young (31744K), 3 survivors (3072K)
 Metaspace       used 9363K, committed 9536K, reserved 1114112K
  class space    used 1073K, committed 1152K, reserved 1048576K
}
Event: 18.781 GC heap after
{Heap after GC invocations=2 (full 0):
 garbage-first heap   total 126976K, used 5363K [0x0000000084a00000, 0x0000000100000000)
  region size 1024K, 2 young (2048K), 2 survivors (2048K)
 Metaspace       used 9363K, committed 9536K, reserved 1114112K
  class space    used 1073K, committed 1152K, reserved 1048576K
}
Event: 55.699 GC heap before
{Heap before GC invocations=2 (full 0):
 garbage-first heap   total 126976K, used 79091K [0x0000000084a00000, 0x0000000100000000)
  region size 1024K, 74 young (75776K), 2 survivors (2048K)
 Metaspace       used 16388K, committed 16704K, reserved 1114112K
  class space    used 1859K, committed 1984K, reserved 1048576K
}
Event: 55.750 GC heap after
{Heap after GC invocations=3 (full 0):
 garbage-first heap   total 126976K, used 13528K [0x0000000084a00000, 0x0000000100000000)
  region size 1024K, 10 young (10240K), 10 survivors (10240K)
 Metaspace       used 16388K, committed 16704K, reserved 1114112K
  class space    used 1859K, committed 1984K, reserved 1048576K
}

Dll operation events (11 events):
Event: 0.042 Loaded shared library C:\Users\vasar\.jdks\corretto-19.0.2\bin\java.dll
Event: 0.517 Loaded shared library C:\Users\vasar\.jdks\corretto-19.0.2\bin\jsvml.dll
Event: 1.730 Loaded shared library C:\Users\vasar\.jdks\corretto-19.0.2\bin\zip.dll
Event: 1.744 Loaded shared library C:\Users\vasar\.jdks\corretto-19.0.2\bin\instrument.dll
Event: 1.756 Loaded shared library C:\Users\vasar\.jdks\corretto-19.0.2\bin\net.dll
Event: 1.854 Loaded shared library C:\Users\vasar\.jdks\corretto-19.0.2\bin\nio.dll
Event: 1.867 Loaded shared library C:\Users\vasar\.jdks\corretto-19.0.2\bin\zip.dll
Event: 2.155 Loaded shared library C:\Users\vasar\.jdks\corretto-19.0.2\bin\extnet.dll
Event: 2.892 Loaded shared library C:\Users\vasar\.jdks\corretto-19.0.2\bin\jimage.dll
Event: 6.859 Loaded shared library C:\Users\vasar\AppData\Local\Temp\jansi-2.4.1-2c93be1ac4f979b4-jansi.dll
Event: 7.002 Loaded shared library C:\Users\vasar\.jdks\corretto-19.0.2\bin\verify.dll

Deoptimization events (20 events):
Event: 57.453 Thread 0x000001970212a3f0 Uncommon trap: trap_request=0xffffffbe fr.pc=0x0000019711fb96cc relative=0x000000000000030c
Event: 57.453 Thread 0x000001970212a3f0 Uncommon trap: reason=profile_predicate action=maybe_recompile pc=0x0000019711fb96cc method=java.util.regex.Pattern$Slice.match(Ljava/util/regex/Matcher;ILjava/lang/CharSequence;)Z @ 18 c2
Event: 57.453 Thread 0x000001970212a3f0 DEOPT PACKING pc=0x0000019711fb96cc sp=0x0000005abdefc7b0
Event: 57.453 Thread 0x000001970212a3f0 DEOPT UNPACKING pc=0x00000197118aa5a3 sp=0x0000005abdefc740 mode 2
Event: 57.453 Thread 0x000001970212a3f0 Uncommon trap: trap_request=0xffffffbe fr.pc=0x0000019711fb96cc relative=0x000000000000030c
Event: 57.453 Thread 0x000001970212a3f0 Uncommon trap: reason=profile_predicate action=maybe_recompile pc=0x0000019711fb96cc method=java.util.regex.Pattern$Slice.match(Ljava/util/regex/Matcher;ILjava/lang/CharSequence;)Z @ 18 c2
Event: 57.453 Thread 0x000001970212a3f0 DEOPT PACKING pc=0x0000019711fb96cc sp=0x0000005abdefc7b0
Event: 57.453 Thread 0x000001970212a3f0 DEOPT UNPACKING pc=0x00000197118aa5a3 sp=0x0000005abdefc740 mode 2
Event: 57.453 Thread 0x000001970212a3f0 Uncommon trap: trap_request=0xffffffbe fr.pc=0x0000019711fb96cc relative=0x000000000000030c
Event: 57.453 Thread 0x000001970212a3f0 Uncommon trap: reason=profile_predicate action=maybe_recompile pc=0x0000019711fb96cc method=java.util.regex.Pattern$Slice.match(Ljava/util/regex/Matcher;ILjava/lang/CharSequence;)Z @ 18 c2
Event: 57.453 Thread 0x000001970212a3f0 DEOPT PACKING pc=0x0000019711fb96cc sp=0x0000005abdefc7b0
Event: 57.453 Thread 0x000001970212a3f0 DEOPT UNPACKING pc=0x00000197118aa5a3 sp=0x0000005abdefc740 mode 2
Event: 57.453 Thread 0x000001970212a3f0 Uncommon trap: trap_request=0xffffffbe fr.pc=0x0000019711fb96cc relative=0x000000000000030c
Event: 57.453 Thread 0x000001970212a3f0 Uncommon trap: reason=profile_predicate action=maybe_recompile pc=0x0000019711fb96cc method=java.util.regex.Pattern$Slice.match(Ljava/util/regex/Matcher;ILjava/lang/CharSequence;)Z @ 18 c2
Event: 57.453 Thread 0x000001970212a3f0 DEOPT PACKING pc=0x0000019711fb96cc sp=0x0000005abdefc7b0
Event: 57.453 Thread 0x000001970212a3f0 DEOPT UNPACKING pc=0x00000197118aa5a3 sp=0x0000005abdefc740 mode 2
Event: 58.248 Thread 0x000001970212a3f0 Uncommon trap: trap_request=0xffffff45 fr.pc=0x0000019711e7c164 relative=0x00000000000002a4
Event: 58.248 Thread 0x000001970212a3f0 Uncommon trap: reason=unstable_if action=reinterpret pc=0x0000019711e7c164 method=java.util.HashMap.hash(Ljava/lang/Object;)I @ 1 c2
Event: 58.248 Thread 0x000001970212a3f0 DEOPT PACKING pc=0x0000019711e7c164 sp=0x0000005abdefdab0
Event: 58.248 Thread 0x000001970212a3f0 DEOPT UNPACKING pc=0x00000197118aa5a3 sp=0x0000005abdefd948 mode 2

Classes loaded (20 events):
Event: 34.791 Loading class sun/util/resources/LocaleData$CommonResourceBundleProvider
Event: 34.791 Loading class sun/util/resources/LocaleData$LocaleDataResourceBundleProvider
Event: 34.791 Loading class java/util/spi/ResourceBundleProvider
Event: 34.791 Loading class java/util/spi/ResourceBundleProvider done
Event: 34.791 Loading class sun/util/resources/LocaleData$LocaleDataResourceBundleProvider done
Event: 34.791 Loading class sun/util/resources/LocaleData$CommonResourceBundleProvider done
Event: 34.791 Loading class sun/util/resources/Bundles$2
Event: 34.791 Loading class sun/util/resources/Bundles$2 done
Event: 38.188 Loading class java/util/stream/Streams$RangeIntSpliterator
Event: 38.188 Loading class java/util/stream/Streams$RangeIntSpliterator done
Event: 45.547 Loading class java/util/stream/MatchOps$MatchKind
Event: 45.548 Loading class java/util/stream/MatchOps$MatchKind done
Event: 45.548 Loading class java/util/stream/MatchOps
Event: 45.548 Loading class java/util/stream/MatchOps done
Event: 45.548 Loading class java/util/stream/MatchOps$MatchOp
Event: 45.548 Loading class java/util/stream/MatchOps$MatchOp done
Event: 45.549 Loading class java/util/stream/MatchOps$BooleanTerminalSink
Event: 45.549 Loading class java/util/stream/MatchOps$BooleanTerminalSink done
Event: 45.549 Loading class java/util/stream/MatchOps$1MatchSink
Event: 45.550 Loading class java/util/stream/MatchOps$1MatchSink done

Classes unloaded (0 events):
No events

Classes redefined (0 events):
No events

Internal exceptions (20 events):
Event: 23.438 Thread 0x000001970212a3f0 Exception <a 'java/lang/NoSuchMethodError'{0x000000008bcb3d00}: 'java.lang.Object java.lang.invoke.DirectMethodHandle$Holder.invokeStatic(java.lang.Object, java.lang.Object, java.lang.Object, java.lang.Object, int)'> (0x000000008bcb3d00) 
thrown [s\src\hotspot\share\interpreter\linkResolver.cpp, line 774]
Event: 23.440 Thread 0x000001970212a3f0 Exception <a 'java/lang/NoSuchMethodError'{0x000000008bcbc238}: 'java.lang.Object java.lang.invoke.DirectMethodHandle$Holder.invokeSpecial(java.lang.Object, java.lang.Object, java.lang.Object, java.lang.Object, long)'> (0x000000008bcbc238) 
thrown [s\src\hotspot\share\interpreter\linkResolver.cpp, line 774]
Event: 23.443 Thread 0x000001970212a3f0 Exception <a 'java/lang/NoSuchMethodError'{0x000000008bcc8520}: 'java.lang.Object java.lang.invoke.DirectMethodHandle$Holder.invokeSpecial(java.lang.Object, java.lang.Object, java.lang.Object, int, java.lang.Object)'> (0x000000008bcc8520) 
thrown [s\src\hotspot\share\interpreter\linkResolver.cpp, line 774]
Event: 23.445 Thread 0x000001970212a3f0 Exception <a 'java/lang/NoSuchMethodError'{0x000000008bcd0c70}: 'int java.lang.invoke.DirectMethodHandle$Holder.invokeSpecial(java.lang.Object, java.lang.Object, java.lang.Object, int)'> (0x000000008bcd0c70) 
thrown [s\src\hotspot\share\interpreter\linkResolver.cpp, line 774]
Event: 24.007 Thread 0x000001970212a3f0 Implicit null exception at 0x0000019711e6542f to 0x0000019711e6558c
Event: 24.013 Thread 0x000001970212a3f0 Exception <a 'java/lang/NoSuchMethodError'{0x000000008bcf6fd8}: 'java.lang.Object java.lang.invoke.Invokers$Holder.invokeExact_MT(java.lang.Object, int, java.lang.Object)'> (0x000000008bcf6fd8) 
thrown [s\src\hotspot\share\interpreter\linkResolver.cpp, line 774]
Event: 29.022 Thread 0x000001970212a3f0 Exception <a 'java/lang/NoSuchMethodError'{0x000000008b35d830}: 'void java.lang.invoke.Invokers$Holder.invokeExact_MT(java.lang.Object, java.lang.Object, java.lang.Object, java.lang.Object)'> (0x000000008b35d830) 
thrown [s\src\hotspot\share\interpreter\linkResolver.cpp, line 774]
Event: 29.221 Thread 0x000001970212a3f0 Exception <a 'java/lang/NoClassDefFoundError'{0x000000008b3f4e20}: com/google/inject/servlet/ServletModuleTargetVisitor> (0x000000008b3f4e20) 
thrown [s\src\hotspot\share\classfile\systemDictionary.cpp, line 244]
Event: 30.407 Thread 0x000001970212a3f0 Exception <a 'java/lang/NoSuchMethodError'{0x000000008b0a9e58}: 'void java.lang.invoke.DirectMethodHandle$Holder.invokeVirtual(java.lang.Object, java.lang.Object)'> (0x000000008b0a9e58) 
thrown [s\src\hotspot\share\interpreter\linkResolver.cpp, line 774]
Event: 30.934 Thread 0x000001970212a3f0 Exception <a 'java/lang/NoSuchMethodError'{0x000000008af37a80}: 'java.lang.Object java.lang.invoke.DirectMethodHandle$Holder.invokeStaticInit(java.lang.Object, int, int, int, int)'> (0x000000008af37a80) 
thrown [s\src\hotspot\share\interpreter\linkResolver.cpp, line 774]
Event: 33.890 Thread 0x000001970212a3f0 Implicit null exception at 0x0000019711ecdb36 to 0x0000019711ece2d0
Event: 33.898 Thread 0x000001970212a3f0 Exception <a 'java/lang/NoSuchMethodError'{0x000000008a941ce8}: 'void java.lang.invoke.DirectMethodHandle$Holder.invokeSpecial(java.lang.Object, java.lang.Object, java.lang.Object, java.lang.Object, java.lang.Object)'> (0x000000008a941ce8) 
thrown [s\src\hotspot\share\interpreter\linkResolver.cpp, line 774]
Event: 33.904 Thread 0x000001970212a3f0 Exception <a 'java/lang/NoSuchMethodError'{0x000000008a95b008}: 'void java.lang.invoke.DirectMethodHandle$Holder.invokeSpecial(java.lang.Object, java.lang.Object, java.lang.Object, java.lang.Object, java.lang.Object, java.lang.Object)'> (0x000000008a95b008) 
thrown [s\src\hotspot\share\interpreter\linkResolver.cpp, line 774]
Event: 34.589 Thread 0x000001970212a3f0 Exception <a 'java/lang/NoSuchMethodError'{0x000000008a84dfb8}: 'java.lang.Object java.lang.invoke.DirectMethodHandle$Holder.invokeVirtual(java.lang.Object, java.lang.Object, java.lang.Object)'> (0x000000008a84dfb8) 
thrown [s\src\hotspot\share\interpreter\linkResolver.cpp, line 774]
Event: 36.193 Thread 0x000001970212a3f0 Implicit null exception at 0x0000019711e20d72 to 0x0000019711e212c8
Event: 36.193 Thread 0x000001970212a3f0 Implicit null exception at 0x0000019711e218f2 to 0x0000019711e21e40
Event: 36.223 Thread 0x000001970212a3f0 Exception <a 'java/lang/NoSuchMethodError'{0x000000008a31b400}: 'void java.lang.invoke.DirectMethodHandle$Holder.invokeVirtual(java.lang.Object, java.lang.Object, int)'> (0x000000008a31b400) 
thrown [s\src\hotspot\share\interpreter\linkResolver.cpp, line 774]
Event: 36.224 Thread 0x000001970212a3f0 Exception <a 'java/lang/NoSuchMethodError'{0x000000008a31f460}: 'void java.lang.invoke.DirectMethodHandle$Holder.invokeSpecial(java.lang.Object, java.lang.Object, java.lang.Object, int)'> (0x000000008a31f460) 
thrown [s\src\hotspot\share\interpreter\linkResolver.cpp, line 774]
Event: 36.838 Thread 0x000001970212a3f0 Exception <a 'java/lang/NoSuchMethodError'{0x000000008a322db0}: 'void java.lang.invoke.DelegatingMethodHandle$Holder.reinvoke_L(java.lang.Object, java.lang.Object, int)'> (0x000000008a322db0) 
thrown [s\src\hotspot\share\interpreter\linkResolver.cpp, line 774]
Event: 58.248 Thread 0x000001970212a3f0 Implicit null exception at 0x0000019711e7bf0a to 0x0000019711e7c148

VM Operations (20 events):
Event: 47.623 Executing VM operation: Cleanup
Event: 48.852 Executing VM operation: Cleanup done
Event: 49.863 Executing VM operation: Cleanup
Event: 49.870 Executing VM operation: Cleanup done
Event: 50.883 Executing VM operation: Cleanup
Event: 50.883 Executing VM operation: Cleanup done
Event: 51.893 Executing VM operation: Cleanup
Event: 52.157 Executing VM operation: Cleanup done
Event: 53.173 Executing VM operation: Cleanup
Event: 53.238 Executing VM operation: Cleanup done
Event: 54.255 Executing VM operation: Cleanup
Event: 54.267 Executing VM operation: Cleanup done
Event: 55.281 Executing VM operation: Cleanup
Event: 55.613 Executing VM operation: Cleanup done
Event: 55.699 Executing VM operation: G1CollectForAllocation
Event: 55.751 Executing VM operation: G1CollectForAllocation done
Event: 56.764 Executing VM operation: Cleanup
Event: 56.957 Executing VM operation: Cleanup done
Event: 57.964 Executing VM operation: Cleanup
Event: 58.233 Executing VM operation: Cleanup done

Events (20 events):
Event: 0.764 Thread 0x00000197209e7790 Thread added: 0x00000197209e7790
Event: 0.765 Thread 0x00000197209e80c0 Thread added: 0x00000197209e80c0
Event: 0.766 Thread 0x00000197209e89f0 Thread added: 0x00000197209e89f0
Event: 0.766 Thread 0x00000197209e9320 Thread added: 0x00000197209e9320
Event: 0.766 Thread 0x00000197209e9c50 Thread added: 0x00000197209e9c50
Event: 0.766 Thread 0x00000197209ec8c0 Thread added: 0x00000197209ec8c0
Event: 0.816 Thread 0x00000197209f3a00 Thread added: 0x00000197209f3a00
Event: 0.895 Thread 0x00000197209f4370 Thread added: 0x00000197209f4370
Event: 1.521 Thread 0x0000019724c52710 Thread added: 0x0000019724c52710
Event: 2.003 Thread 0x0000019724db65c0 Thread added: 0x0000019724db65c0
Event: 2.003 Thread 0x0000019724db6b00 Thread added: 0x0000019724db6b00
Event: 2.834 Thread 0x0000019725072b90 Thread added: 0x0000019725072b90
Event: 10.183 Thread 0x00000197257c89c0 Thread added: 0x00000197257c89c0
Event: 10.545 Thread 0x00000197257c89c0 Thread exited: 0x00000197257c89c0
Event: 11.655 Thread 0x0000019725736a30 Thread added: 0x0000019725736a30
Event: 12.001 Thread 0x0000019725736a30 Thread exited: 0x0000019725736a30
Event: 15.901 Thread 0x0000019725072b90 Thread exited: 0x0000019725072b90
Event: 32.021 Thread 0x000001972572e830 Thread added: 0x000001972572e830
Event: 46.499 Thread 0x0000019725a18130 Thread added: 0x0000019725a18130
Event: 49.199 Thread 0x0000019725a18130 Thread exited: 0x0000019725a18130


Dynamic libraries:
0x00007ff7e9fb0000 - 0x00007ff7e9fbd000 	C:\Users\vasar\.jdks\corretto-19.0.2\bin\java.exe
0x00007ffb6e4f0000 - 0x00007ffb6e707000 	C:\WINDOWS\SYSTEM32\ntdll.dll
0x00007ffb6df60000 - 0x00007ffb6e024000 	C:\WINDOWS\System32\KERNEL32.DLL
0x00007ffb6bb40000 - 0x00007ffb6bf13000 	C:\WINDOWS\System32\KERNELBASE.dll
0x00007ffb6b660000 - 0x00007ffb6b771000 	C:\WINDOWS\System32\ucrtbase.dll
0x00007ffb60f00000 - 0x00007ffb60f17000 	C:\Users\vasar\.jdks\corretto-19.0.2\bin\jli.dll
0x00007ffb6d0e0000 - 0x00007ffb6d291000 	C:\WINDOWS\System32\USER32.dll
0x00007ffb6ba50000 - 0x00007ffb6ba76000 	C:\WINDOWS\System32\win32u.dll
0x00007ffb6e1d0000 - 0x00007ffb6e1f9000 	C:\WINDOWS\System32\GDI32.dll
0x00007ffb6b780000 - 0x00007ffb6b8a2000 	C:\WINDOWS\System32\gdi32full.dll
0x00007ffb6bf20000 - 0x00007ffb6bfba000 	C:\WINDOWS\System32\msvcp_win.dll
0x00007ffb607f0000 - 0x00007ffb60805000 	C:\Users\vasar\.jdks\corretto-19.0.2\bin\VCRUNTIME140.dll
0x00007ffb52b90000 - 0x00007ffb52e2b000 	C:\WINDOWS\WinSxS\amd64_microsoft.windows.common-controls_6595b64144ccf1df_6.0.22621.5262_none_2712bde373830908\COMCTL32.dll
0x00007ffb6c260000 - 0x00007ffb6c307000 	C:\WINDOWS\System32\msvcrt.dll
0x00007ffb6ccf0000 - 0x00007ffb6cd21000 	C:\WINDOWS\System32\IMM32.DLL
0x00007ffb24470000 - 0x00007ffb2450b000 	C:\Users\vasar\.jdks\corretto-19.0.2\bin\msvcp140.dll
0x00007ffac5180000 - 0x00007ffac5e59000 	C:\Users\vasar\.jdks\corretto-19.0.2\bin\server\jvm.dll
0x00007ffb6d2a0000 - 0x00007ffb6d351000 	C:\WINDOWS\System32\ADVAPI32.dll
0x00007ffb6c1b0000 - 0x00007ffb6c257000 	C:\WINDOWS\System32\sechost.dll
0x00007ffb6b8b0000 - 0x00007ffb6b8d8000 	C:\WINDOWS\System32\bcrypt.dll
0x00007ffb6dc20000 - 0x00007ffb6dd34000 	C:\WINDOWS\System32\RPCRT4.dll
0x00007ffb48060000 - 0x00007ffb48069000 	C:\WINDOWS\SYSTEM32\WSOCK32.dll
0x00007ffb6e030000 - 0x00007ffb6e0a1000 	C:\WINDOWS\System32\WS2_32.dll
0x00007ffb605c0000 - 0x00007ffb605f4000 	C:\WINDOWS\SYSTEM32\WINMM.dll
0x00007ffb5b2b0000 - 0x00007ffb5b2ba000 	C:\WINDOWS\SYSTEM32\VERSION.dll
0x00007ffb6a660000 - 0x00007ffb6a678000 	C:\WINDOWS\SYSTEM32\kernel.appcore.dll
0x00007ffb60ed0000 - 0x00007ffb60eda000 	C:\Users\vasar\.jdks\corretto-19.0.2\bin\jimage.dll
0x00007ffb68fd0000 - 0x00007ffb69202000 	C:\WINDOWS\SYSTEM32\DBGHELP.DLL
0x00007ffb6cd30000 - 0x00007ffb6d0c3000 	C:\WINDOWS\System32\combase.dll
0x00007ffb6c310000 - 0x00007ffb6c3e7000 	C:\WINDOWS\System32\OLEAUT32.dll
0x00007ffb44780000 - 0x00007ffb447b2000 	C:\WINDOWS\SYSTEM32\dbgcore.DLL
0x00007ffb6bfc0000 - 0x00007ffb6c03b000 	C:\WINDOWS\System32\bcryptPrimitives.dll
0x00007ffb57b40000 - 0x00007ffb57b4e000 	C:\Users\vasar\.jdks\corretto-19.0.2\bin\instrument.dll
0x00007ffb57b80000 - 0x00007ffb57ba6000 	C:\Users\vasar\.jdks\corretto-19.0.2\bin\java.dll
0x00007ffb1d7a0000 - 0x00007ffb1d876000 	C:\Users\vasar\.jdks\corretto-19.0.2\bin\jsvml.dll
0x00007ffb6d380000 - 0x00007ffb6dc1d000 	C:\WINDOWS\System32\SHELL32.dll
0x00007ffb6c040000 - 0x00007ffb6c17f000 	C:\WINDOWS\System32\wintypes.dll
0x00007ffb694d0000 - 0x00007ffb69ded000 	C:\WINDOWS\SYSTEM32\windows.storage.dll
0x00007ffb6c760000 - 0x00007ffb6c86b000 	C:\WINDOWS\System32\SHCORE.dll
0x00007ffb6e440000 - 0x00007ffb6e4a6000 	C:\WINDOWS\System32\shlwapi.dll
0x00007ffb6b510000 - 0x00007ffb6b53b000 	C:\WINDOWS\SYSTEM32\profapi.dll
0x00007ffb5cb00000 - 0x00007ffb5cb18000 	C:\Users\vasar\.jdks\corretto-19.0.2\bin\zip.dll
0x00007ffb607b0000 - 0x00007ffb607c3000 	C:\Users\vasar\.jdks\corretto-19.0.2\bin\net.dll
0x00007ffb63090000 - 0x00007ffb631bc000 	C:\WINDOWS\SYSTEM32\WINHTTP.dll
0x00007ffb6ab90000 - 0x00007ffb6abfa000 	C:\WINDOWS\system32\mswsock.dll
0x00007ffb5cd30000 - 0x00007ffb5cd45000 	C:\Users\vasar\.jdks\corretto-19.0.2\bin\nio.dll
0x00007ffb5cdd0000 - 0x00007ffb5cdd8000 	C:\Users\vasar\.jdks\corretto-19.0.2\bin\extnet.dll
0x00007ffb243e0000 - 0x00007ffb24404000 	C:\Users\vasar\AppData\Local\Temp\jansi-2.4.1-2c93be1ac4f979b4-jansi.dll
0x00007ffb57c40000 - 0x00007ffb57c50000 	C:\Users\vasar\.jdks\corretto-19.0.2\bin\verify.dll

dbghelp: loaded successfully - version: 4.0.5 - missing functions: none
symbol engine: initialized successfully - sym options: 0x614 - pdb path: .;C:\Users\vasar\.jdks\corretto-19.0.2\bin;C:\WINDOWS\SYSTEM32;C:\WINDOWS\WinSxS\amd64_microsoft.windows.common-controls_6595b64144ccf1df_6.0.22621.5262_none_2712bde373830908;C:\Users\vasar\.jdks\corretto-19.0.2\bin\server;C:\Users\vasar\AppData\Local\Temp

VM Arguments:
jvm_args: -Dmaven.multiModuleProjectDirectory=C:\Users\vasar\sosiska -Djansi.passthrough=true -Dmaven.home=C:\Users\vasar\.m2\wrapper\dists\apache-maven-3.9.9-bin\4nf9hui3q3djbarqar9g711ggc\apache-maven-3.9.9 -Dclassworlds.conf=C:\Users\vasar\.m2\wrapper\dists\apache-maven-3.9.9-bin\4nf9hui3q3djbarqar9g711ggc\apache-maven-3.9.9\bin\m2.conf -Dmaven.ext.class.path=C:\Program Files\JetBrains\IntelliJ IDEA Community Edition 2025.1.2\plugins\maven\lib\maven-event-listener.jar -javaagent:C:\Program Files\JetBrains\IntelliJ IDEA Community Edition 2025.1.2\lib\idea_rt.jar=7333 -Dfile.encoding=UTF-8 -Dsun.stdout.encoding=UTF-8 -Dsun.stderr.encoding=UTF-8 
java_command: org.codehaus.classworlds.Launcher -Didea.version=2025.1.2 test
java_class_path (initial): C:\Users\vasar\.m2\wrapper\dists\apache-maven-3.9.9-bin\4nf9hui3q3djbarqar9g711ggc\apache-maven-3.9.9\boot\plexus-classworlds-2.8.0.jar;C:\Users\vasar\.m2\wrapper\dists\apache-maven-3.9.9-bin\4nf9hui3q3djbarqar9g711ggc\apache-maven-3.9.9\boot\plexus-classworlds.license
Launcher Type: SUN_STANDARD

[Global flags]
     intx CICompilerCount                          = 4                                         {product} {ergonomic}
     uint ConcGCThreads                            = 2                                         {product} {ergonomic}
     uint G1ConcRefinementThreads                  = 8                                         {product} {ergonomic}
   size_t G1HeapRegionSize                         = 1048576                                   {product} {ergonomic}
    uintx GCDrainStackTargetSize                   = 64                                        {product} {ergonomic}
   size_t InitialHeapSize                          = 130023424                                 {product} {ergonomic}
   size_t MarkStackSize                            = 4194304                                   {product} {ergonomic}
   size_t MaxHeapSize                              = 2069889024                                {product} {ergonomic}
   size_t MaxNewSize                               = 1241513984                                {product} {ergonomic}
   size_t MinHeapDeltaBytes                        = 1048576                                   {product} {ergonomic}
   size_t MinHeapSize                              = 8388608                                   {product} {ergonomic}
    uintx NonNMethodCodeHeapSize                   = 5839372                                {pd product} {ergonomic}
    uintx NonProfiledCodeHeapSize                  = 122909434                              {pd product} {ergonomic}
    uintx ProfiledCodeHeapSize                     = 122909434                              {pd product} {ergonomic}
    uintx ReservedCodeCacheSize                    = 251658240                              {pd product} {ergonomic}
     bool SegmentedCodeCache                       = true                                      {product} {ergonomic}
   size_t SoftMaxHeapSize                          = 2069889024                             {manageable} {ergonomic}
     bool UseCompressedClassPointers               = true                           {product lp64_product} {ergonomic}
     bool UseCompressedOops                        = true                           {product lp64_product} {ergonomic}
     bool UseG1GC                                  = true                                      {product} {ergonomic}
     bool UseLargePagesIndividualAllocation        = false                                  {pd product} {ergonomic}

Logging:
Log output configuration:
 #0: stdout all=warning uptime,level,tags foldmultilines=false
 #1: stderr all=off uptime,level,tags foldmultilines=false

Environment Variables:
JAVA_HOME=C:\Users\vasar\Downloads\jdk-24.0.1
PATH=C:\Program Files (x86)\Common Files\Oracle\Java\java8path;C:\Program Files (x86)\Common Files\Oracle\Java\javapath;C:\SIMULIA\Commands;C:\Windows\system32;C:\Windows;C:\Windows\System32\Wbem;C:\Windows\System32\WindowsPowerShell\v1.0\;C:\Windows\System32\OpenSSH\;C:\Program Files\Microsoft SQL Server\150\Tools\Binn\;C:\WINDOWS\system32;C:\WINDOWS;C:\WINDOWS\System32\Wbem;C:\WINDOWS\System32\WindowsPowerShell\v1.0\;C:\WINDOWS\System32\OpenSSH\;C:\Program Files (x86)\Microsoft SQL Server\160\Tools\Binn\;C:\Program Files\Microsoft SQL Server\160\Tools\Binn\;C:\Program Files\Microsoft SQL Server\Client SDK\ODBC\170\Tools\Binn\;C:\Program Files\Microsoft SQL Server\160\DTS\Binn\;C:\Program Files (x86)\Microsoft SQL Server\160\DTS\Binn\;C:\Program Files\Azure Data Studio\bin;C:\Program Files\dotnet\;C:\Program Files\PuTTY\;C:\Program Files\nodejs\;C:\Program Files\Git\cmd;C:\Program Files\Docker\Docker\resources\bin;C:\Users\vasar\AppData\Local\Programs\Python\Python312\Scripts\;C:\Users\vasar\AppData\Local\Programs\Python\Python312\;C:\Users\vasar\AppData\Local\Microsoft\WindowsApps;C:\Users\vasar\AppData\Local\Programs\Microsoft VS Code\bin;C:\Program Files\Azure Data Studio\bin;C:\Users\vasar\.dotnet\tools;C:\Users\vasar\AppData\Roaming\npm;C:\Program Files (x86)\Nmap;C:\Users\vasar\Downloads\maven\maven1\bin;
USERNAME=vasar
OS=Windows_NT
PROCESSOR_IDENTIFIER=Intel64 Family 6 Model 140 Stepping 2, GenuineIntel
TMP=C:\Users\vasar\AppData\Local\Temp
TEMP=C:\Users\vasar\AppData\Local\Temp



---------------  S Y S T E M  ---------------

OS:
 Windows 11 , 64 bit Build 22621 (10.0.22621.5262)
OS uptime: 9 days 13:52 hours
Hyper-V role detected

CPU: total 8 (initial active 8) (4 cores per cpu, 2 threads per core) family 6 model 140 stepping 2 microcode 0x16, cx8, cmov, fxsr, ht, mmx, 3dnowpref, sse, sse2, sse3, ssse3, sse4.1, sse4.2, popcnt, lzcnt, tsc, tscinvbit, avx, avx2, aes, erms, clmul, bmi1, bmi2, adx, avx512f, avx512dq, avx512cd, avx512bw, avx512vl, sha, fma, vzeroupper, avx512_vpopcntdq, avx512_vpclmulqdq, avx512_vaes, avx512_vnni, clflush, clflushopt, clwb, avx512_vbmi2, avx512_vbmi, hv, rdtscp, rdpid, fsrm, gfni, avx512_bitalg

Memory: 4k page, system-wide physical 7894M (381M free)
TotalPageFile size 25467M (AvailPageFile size 1M)
current process WorkingSet (physical memory assigned to process): 158M, peak: 163M
current process commit charge ("private bytes"): 239M, peak: 256M

vm_info: OpenJDK 64-Bit Server VM (19.0.2+7-FR) for windows-amd64 JRE (19.0.2+7-FR), built on Jan 13 2023 22:53:32 by "Administrator" with MS VC++ 15.9 (VS2017)

END.
